[1.422s] Invoking command in '/home/anna/ros2_ws/src/my_robot_controller': PYTHONPATH=/home/anna/ros2_ws/build/my_robot_controller/prefix_override:/home/anna/ros2_ws/install/my_robot_controller/lib/python3.10/site-packages:${PYTHONPATH} /usr/bin/python3 setup.py egg_info --egg-base ../../build/my_robot_controller build --build-base /home/anna/ros2_ws/build/my_robot_controller/build install --record /home/anna/ros2_ws/build/my_robot_controller/install.log --single-version-externally-managed
[1.629s] running egg_info
[1.630s] writing ../../build/my_robot_controller/my_robot_controller.egg-info/PKG-INFO
[1.630s] writing dependency_links to ../../build/my_robot_controller/my_robot_controller.egg-info/dependency_links.txt
[1.630s] writing entry points to ../../build/my_robot_controller/my_robot_controller.egg-info/entry_points.txt
[1.630s] writing requirements to ../../build/my_robot_controller/my_robot_controller.egg-info/requires.txt
[1.630s] writing top-level names to ../../build/my_robot_controller/my_robot_controller.egg-info/top_level.txt
[1.632s] reading manifest file '../../build/my_robot_controller/my_robot_controller.egg-info/SOURCES.txt'
[1.632s] writing manifest file '../../build/my_robot_controller/my_robot_controller.egg-info/SOURCES.txt'
[1.633s] running build
[1.633s] running build_py
[1.633s] running install
[1.633s] running install_lib
[1.634s] running install_data
[1.635s] running install_egg_info
[1.636s] removing '/home/anna/ros2_ws/install/my_robot_controller/lib/python3.10/site-packages/my_robot_controller-0.0.0-py3.10.egg-info' (and everything under it)
[1.636s] Copying ../../build/my_robot_controller/my_robot_controller.egg-info to /home/anna/ros2_ws/install/my_robot_controller/lib/python3.10/site-packages/my_robot_controller-0.0.0-py3.10.egg-info
[1.637s] running install_scripts
[1.653s] Installing draw_circle script to /home/anna/ros2_ws/install/my_robot_controller/lib/my_robot_controller
[1.653s] Installing test_node script to /home/anna/ros2_ws/install/my_robot_controller/lib/my_robot_controller
[1.654s] writing list of installed files to '/home/anna/ros2_ws/build/my_robot_controller/install.log'
[1.720s] Invoked command in '/home/anna/ros2_ws/src/my_robot_controller' returned '0': PYTHONPATH=/home/anna/ros2_ws/build/my_robot_controller/prefix_override:/home/anna/ros2_ws/install/my_robot_controller/lib/python3.10/site-packages:${PYTHONPATH} /usr/bin/python3 setup.py egg_info --egg-base ../../build/my_robot_controller build --build-base /home/anna/ros2_ws/build/my_robot_controller/build install --record /home/anna/ros2_ws/build/my_robot_controller/install.log --single-version-externally-managed
