running egg_info
writing ../../build/turtlebot4_space/turtlebot4_space.egg-info/PKG-INFO
writing dependency_links to ../../build/turtlebot4_space/turtlebot4_space.egg-info/dependency_links.txt
writing entry points to ../../build/turtlebot4_space/turtlebot4_space.egg-info/entry_points.txt
writing requirements to ../../build/turtlebot4_space/turtlebot4_space.egg-info/requires.txt
writing top-level names to ../../build/turtlebot4_space/turtlebot4_space.egg-info/top_level.txt
reading manifest file '../../build/turtlebot4_space/turtlebot4_space.egg-info/SOURCES.txt'
writing manifest file '../../build/turtlebot4_space/turtlebot4_space.egg-info/SOURCES.txt'
running build
running build_py
running install
running install_lib
running install_data
running install_egg_info
removing '/home/anna/ros2_ws/install/turtlebot4_space/lib/python3.10/site-packages/turtlebot4_space-0.0.0-py3.10.egg-info' (and everything under it)
Copying ../../build/turtlebot4_space/turtlebot4_space.egg-info to /home/anna/ros2_ws/install/turtlebot4_space/lib/python3.10/site-packages/turtlebot4_space-0.0.0-py3.10.egg-info
running install_scripts
Installing draw_square script to /home/anna/ros2_ws/install/turtlebot4_space/lib/turtlebot4_space
Installing draw_square_1 script to /home/anna/ros2_ws/install/turtlebot4_space/lib/turtlebot4_space
writing list of installed files to '/home/anna/ros2_ws/build/turtlebot4_space/install.log'
