[1.103s] Invoking command in '/home/anna/ros2_ws/build/my_robot_controller': PYTHONPATH=/home/anna/ros2_ws/build/my_robot_controller/prefix_override:/home/anna/ros2_ws/install/my_robot_controller/lib/python3.10/site-packages:${PYTHONPATH} /usr/bin/python3 setup.py develop --uninstall --editable --build-directory /home/anna/ros2_ws/build/my_robot_controller/build
[1.321s] running develop
[1.447s] Removing /home/anna/ros2_ws/install/my_robot_controller/lib/python3.10/site-packages/my-robot-controller.egg-link (link to .)
[1.506s] Invoked command in '/home/anna/ros2_ws/build/my_robot_controller' returned '0': PYTHONPATH=/home/anna/ros2_ws/build/my_robot_controller/prefix_override:/home/anna/ros2_ws/install/my_robot_controller/lib/python3.10/site-packages:${PYTHONPATH} /usr/bin/python3 setup.py develop --uninstall --editable --build-directory /home/anna/ros2_ws/build/my_robot_controller/build
[1.509s] Invoking command in '/home/anna/ros2_ws/src/my_robot_controller': PYTHONPATH=/home/anna/ros2_ws/build/my_robot_controller/prefix_override:/home/anna/ros2_ws/install/my_robot_controller/lib/python3.10/site-packages:${PYTHONPATH} /usr/bin/python3 setup.py egg_info --egg-base ../../build/my_robot_controller build --build-base /home/anna/ros2_ws/build/my_robot_controller/build install --record /home/anna/ros2_ws/build/my_robot_controller/install.log --single-version-externally-managed
[1.700s] running egg_info
[1.700s] writing ../../build/my_robot_controller/my_robot_controller.egg-info/PKG-INFO
[1.701s] writing dependency_links to ../../build/my_robot_controller/my_robot_controller.egg-info/dependency_links.txt
[1.701s] writing entry points to ../../build/my_robot_controller/my_robot_controller.egg-info/entry_points.txt
[1.701s] writing requirements to ../../build/my_robot_controller/my_robot_controller.egg-info/requires.txt
[1.701s] writing top-level names to ../../build/my_robot_controller/my_robot_controller.egg-info/top_level.txt
[1.703s] reading manifest file '../../build/my_robot_controller/my_robot_controller.egg-info/SOURCES.txt'
[1.707s] writing manifest file '../../build/my_robot_controller/my_robot_controller.egg-info/SOURCES.txt'
[1.707s] running build
[1.708s] running build_py
[1.708s] copying my_robot_controller/draw_circle.py -> /home/anna/ros2_ws/build/my_robot_controller/build/lib/my_robot_controller
[1.708s] copying my_robot_controller/my_first_node.py -> /home/anna/ros2_ws/build/my_robot_controller/build/lib/my_robot_controller
[1.708s] running install
[1.708s] running install_lib
[1.709s] creating /home/anna/ros2_ws/install/my_robot_controller/lib/python3.10/site-packages/my_robot_controller
[1.709s] copying /home/anna/ros2_ws/build/my_robot_controller/build/lib/my_robot_controller/draw_circle.py -> /home/anna/ros2_ws/install/my_robot_controller/lib/python3.10/site-packages/my_robot_controller
[1.709s] copying /home/anna/ros2_ws/build/my_robot_controller/build/lib/my_robot_controller/__init__.py -> /home/anna/ros2_ws/install/my_robot_controller/lib/python3.10/site-packages/my_robot_controller
[1.709s] copying /home/anna/ros2_ws/build/my_robot_controller/build/lib/my_robot_controller/my_first_node.py -> /home/anna/ros2_ws/install/my_robot_controller/lib/python3.10/site-packages/my_robot_controller
[1.710s] byte-compiling /home/anna/ros2_ws/install/my_robot_controller/lib/python3.10/site-packages/my_robot_controller/draw_circle.py to draw_circle.cpython-310.pyc
[1.710s] byte-compiling /home/anna/ros2_ws/install/my_robot_controller/lib/python3.10/site-packages/my_robot_controller/__init__.py to __init__.cpython-310.pyc
[1.710s] byte-compiling /home/anna/ros2_ws/install/my_robot_controller/lib/python3.10/site-packages/my_robot_controller/my_first_node.py to my_first_node.cpython-310.pyc
[1.710s] running install_data
[1.711s] running install_egg_info
[1.712s] Copying ../../build/my_robot_controller/my_robot_controller.egg-info to /home/anna/ros2_ws/install/my_robot_controller/lib/python3.10/site-packages/my_robot_controller-0.0.0-py3.10.egg-info
[1.713s] running install_scripts
[1.730s] Installing draw_circle script to /home/anna/ros2_ws/install/my_robot_controller/lib/my_robot_controller
[1.730s] Installing test_node script to /home/anna/ros2_ws/install/my_robot_controller/lib/my_robot_controller
[1.730s] writing list of installed files to '/home/anna/ros2_ws/build/my_robot_controller/install.log'
[1.772s] Invoked command in '/home/anna/ros2_ws/src/my_robot_controller' returned '0': PYTHONPATH=/home/anna/ros2_ws/build/my_robot_controller/prefix_override:/home/anna/ros2_ws/install/my_robot_controller/lib/python3.10/site-packages:${PYTHONPATH} /usr/bin/python3 setup.py egg_info --egg-base ../../build/my_robot_controller build --build-base /home/anna/ros2_ws/build/my_robot_controller/build install --record /home/anna/ros2_ws/build/my_robot_controller/install.log --single-version-externally-managed
