running egg_info
writing ../../build/nav_in_lab/nav_in_lab.egg-info/PKG-INFO
writing dependency_links to ../../build/nav_in_lab/nav_in_lab.egg-info/dependency_links.txt
writing entry points to ../../build/nav_in_lab/nav_in_lab.egg-info/entry_points.txt
writing requirements to ../../build/nav_in_lab/nav_in_lab.egg-info/requires.txt
writing top-level names to ../../build/nav_in_lab/nav_in_lab.egg-info/top_level.txt
reading manifest file '../../build/nav_in_lab/nav_in_lab.egg-info/SOURCES.txt'
writing manifest file '../../build/nav_in_lab/nav_in_lab.egg-info/SOURCES.txt'
running build
running build_py
copying nav_in_lab/go_nav.py -> /home/anna/ros2_ws/build/nav_in_lab/build/lib/nav_in_lab
running install
running install_lib
copying /home/anna/ros2_ws/build/nav_in_lab/build/lib/nav_in_lab/go_nav.py -> /home/anna/ros2_ws/install/nav_in_lab/lib/python3.10/site-packages/nav_in_lab
byte-compiling /home/anna/ros2_ws/install/nav_in_lab/lib/python3.10/site-packages/nav_in_lab/go_nav.py to go_nav.cpython-310.pyc
running install_data
copying package.xml -> /home/anna/ros2_ws/install/nav_in_lab/share/nav_in_lab
running install_egg_info
removing '/home/anna/ros2_ws/install/nav_in_lab/lib/python3.10/site-packages/nav_in_lab-0.0.0-py3.10.egg-info' (and everything under it)
Copying ../../build/nav_in_lab/nav_in_lab.egg-info to /home/anna/ros2_ws/install/nav_in_lab/lib/python3.10/site-packages/nav_in_lab-0.0.0-py3.10.egg-info
running install_scripts
Installing draw_square script to /home/anna/ros2_ws/install/nav_in_lab/lib/nav_in_lab
writing list of installed files to '/home/anna/ros2_ws/build/nav_in_lab/install.log'
