[1.003s] Invoking command in '/home/anna/ros2_ws/src/nav_in_lab': PYTHONPATH=/home/anna/ros2_ws/build/nav_in_lab/prefix_override:/home/anna/ros2_ws/install/nav_in_lab/lib/python3.10/site-packages:${PYTHONPATH} /usr/bin/python3 setup.py egg_info --egg-base ../../build/nav_in_lab build --build-base /home/anna/ros2_ws/build/nav_in_lab/build install --record /home/anna/ros2_ws/build/nav_in_lab/install.log --single-version-externally-managed
[1.220s] running egg_info
[1.221s] writing ../../build/nav_in_lab/nav_in_lab.egg-info/PKG-INFO
[1.221s] writing dependency_links to ../../build/nav_in_lab/nav_in_lab.egg-info/dependency_links.txt
[1.221s] writing entry points to ../../build/nav_in_lab/nav_in_lab.egg-info/entry_points.txt
[1.221s] writing requirements to ../../build/nav_in_lab/nav_in_lab.egg-info/requires.txt
[1.221s] writing top-level names to ../../build/nav_in_lab/nav_in_lab.egg-info/top_level.txt
[1.223s] reading manifest file '../../build/nav_in_lab/nav_in_lab.egg-info/SOURCES.txt'
[1.223s] writing manifest file '../../build/nav_in_lab/nav_in_lab.egg-info/SOURCES.txt'
[1.223s] running build
[1.224s] running build_py
[1.224s] copying nav_in_lab/go_nav.py -> /home/anna/ros2_ws/build/nav_in_lab/build/lib/nav_in_lab
[1.224s] running install
[1.224s] running install_lib
[1.225s] copying /home/anna/ros2_ws/build/nav_in_lab/build/lib/nav_in_lab/go_nav.py -> /home/anna/ros2_ws/install/nav_in_lab/lib/python3.10/site-packages/nav_in_lab
[1.225s] byte-compiling /home/anna/ros2_ws/install/nav_in_lab/lib/python3.10/site-packages/nav_in_lab/go_nav.py to go_nav.cpython-310.pyc
[1.225s] running install_data
[1.226s] copying package.xml -> /home/anna/ros2_ws/install/nav_in_lab/share/nav_in_lab
[1.226s] running install_egg_info
[1.228s] removing '/home/anna/ros2_ws/install/nav_in_lab/lib/python3.10/site-packages/nav_in_lab-0.0.0-py3.10.egg-info' (and everything under it)
[1.228s] Copying ../../build/nav_in_lab/nav_in_lab.egg-info to /home/anna/ros2_ws/install/nav_in_lab/lib/python3.10/site-packages/nav_in_lab-0.0.0-py3.10.egg-info
[1.229s] running install_scripts
[1.247s] Installing draw_square script to /home/anna/ros2_ws/install/nav_in_lab/lib/nav_in_lab
[1.247s] writing list of installed files to '/home/anna/ros2_ws/build/nav_in_lab/install.log'
[1.284s] Invoked command in '/home/anna/ros2_ws/src/nav_in_lab' returned '0': PYTHONPATH=/home/anna/ros2_ws/build/nav_in_lab/prefix_override:/home/anna/ros2_ws/install/nav_in_lab/lib/python3.10/site-packages:${PYTHONPATH} /usr/bin/python3 setup.py egg_info --egg-base ../../build/nav_in_lab build --build-base /home/anna/ros2_ws/build/nav_in_lab/build install --record /home/anna/ros2_ws/build/nav_in_lab/install.log --single-version-externally-managed
