[1.012s] DEBUG:colcon:Command line arguments: ['/usr/bin/colcon', 'build', '--symlink-install']
[1.012s] DEBUG:colcon:Parsed command line arguments: Namespace(log_base=None, log_level=None, verb_name='build', build_base='build', install_base='install', merge_install=False, symlink_install=True, test_result_base=None, continue_on_error=False, executor='parallel', parallel_workers=16, event_handlers=None, ignore_user_meta=False, metas=['./colcon.meta'], base_paths=['.'], packages_ignore=None, packages_ignore_regex=None, paths=None, packages_up_to=None, packages_up_to_regex=None, packages_above=None, packages_above_and_dependencies=None, packages_above_depth=None, packages_select_by_dep=None, packages_skip_by_dep=None, packages_skip_up_to=None, packages_select_build_failed=False, packages_skip_build_finished=False, packages_select_test_failures=False, packages_skip_test_passed=False, packages_select=None, packages_skip=None, packages_select_regex=None, packages_skip_regex=None, packages_start=None, packages_end=None, allow_overriding=[], cmake_args=None, cmake_target=None, cmake_target_skip_unavailable=False, cmake_clean_cache=False, cmake_clean_first=False, cmake_force_configure=False, ament_cmake_args=None, catkin_cmake_args=None, catkin_skip_building_tests=False, verb_parser=<colcon_defaults.argument_parser.defaults.DefaultArgumentsDecorator object at 0x7fc9654e1300>, verb_extension=<colcon_core.verb.build.BuildVerb object at 0x7fc9654e2710>, main=<bound method BuildVerb.main of <colcon_core.verb.build.BuildVerb object at 0x7fc9654e2710>>)
[1.053s] Level 1:colcon.colcon_core.package_discovery:discover_packages(colcon_meta) check parameters
[1.053s] Level 1:colcon.colcon_core.package_discovery:discover_packages(recursive) check parameters
[1.053s] Level 1:colcon.colcon_core.package_discovery:discover_packages(ignore) check parameters
[1.053s] Level 1:colcon.colcon_core.package_discovery:discover_packages(path) check parameters
[1.053s] Level 1:colcon.colcon_core.package_discovery:discover_packages(colcon_meta) discover
[1.053s] Level 1:colcon.colcon_core.package_discovery:discover_packages(recursive) discover
[1.053s] INFO:colcon.colcon_core.package_discovery:Crawling recursively for packages in '/home/anna/ros2_ws'
[1.053s] Level 1:colcon.colcon_core.package_identification:_identify(.) by extensions ['ignore', 'ignore_ament_install']
[1.053s] Level 1:colcon.colcon_core.package_identification:_identify(.) by extension 'ignore'
[1.053s] Level 1:colcon.colcon_core.package_identification:_identify(.) by extension 'ignore_ament_install'
[1.053s] Level 1:colcon.colcon_core.package_identification:_identify(.) by extensions ['colcon_pkg']
[1.053s] Level 1:colcon.colcon_core.package_identification:_identify(.) by extension 'colcon_pkg'
[1.053s] Level 1:colcon.colcon_core.package_identification:_identify(.) by extensions ['colcon_meta']
[1.053s] Level 1:colcon.colcon_core.package_identification:_identify(.) by extension 'colcon_meta'
[1.054s] Level 1:colcon.colcon_core.package_identification:_identify(.) by extensions ['ros']
[1.054s] Level 1:colcon.colcon_core.package_identification:_identify(.) by extension 'ros'
[1.063s] Level 1:colcon.colcon_core.package_identification:_identify(.) by extensions ['cmake', 'python']
[1.063s] Level 1:colcon.colcon_core.package_identification:_identify(.) by extension 'cmake'
[1.063s] Level 1:colcon.colcon_core.package_identification:_identify(.) by extension 'python'
[1.063s] Level 1:colcon.colcon_core.package_identification:_identify(.) by extensions ['python_setup_py']
[1.063s] Level 1:colcon.colcon_core.package_identification:_identify(.) by extension 'python_setup_py'
[1.063s] Level 1:colcon.colcon_core.package_identification:_identify(build) by extensions ['ignore', 'ignore_ament_install']
[1.063s] Level 1:colcon.colcon_core.package_identification:_identify(build) by extension 'ignore'
[1.063s] Level 1:colcon.colcon_core.package_identification:_identify(build) ignored
[1.063s] Level 1:colcon.colcon_core.package_identification:_identify(install) by extensions ['ignore', 'ignore_ament_install']
[1.063s] Level 1:colcon.colcon_core.package_identification:_identify(install) by extension 'ignore'
[1.063s] Level 1:colcon.colcon_core.package_identification:_identify(install) ignored
[1.064s] Level 1:colcon.colcon_core.package_identification:_identify(log) by extensions ['ignore', 'ignore_ament_install']
[1.064s] Level 1:colcon.colcon_core.package_identification:_identify(log) by extension 'ignore'
[1.064s] Level 1:colcon.colcon_core.package_identification:_identify(log) ignored
[1.064s] Level 1:colcon.colcon_core.package_identification:_identify(src) by extensions ['ignore', 'ignore_ament_install']
[1.064s] Level 1:colcon.colcon_core.package_identification:_identify(src) by extension 'ignore'
[1.064s] Level 1:colcon.colcon_core.package_identification:_identify(src) by extension 'ignore_ament_install'
[1.064s] Level 1:colcon.colcon_core.package_identification:_identify(src) by extensions ['colcon_pkg']
[1.064s] Level 1:colcon.colcon_core.package_identification:_identify(src) by extension 'colcon_pkg'
[1.064s] Level 1:colcon.colcon_core.package_identification:_identify(src) by extensions ['colcon_meta']
[1.064s] Level 1:colcon.colcon_core.package_identification:_identify(src) by extension 'colcon_meta'
[1.064s] Level 1:colcon.colcon_core.package_identification:_identify(src) by extensions ['ros']
[1.064s] Level 1:colcon.colcon_core.package_identification:_identify(src) by extension 'ros'
[1.064s] Level 1:colcon.colcon_core.package_identification:_identify(src) by extensions ['cmake', 'python']
[1.064s] Level 1:colcon.colcon_core.package_identification:_identify(src) by extension 'cmake'
[1.064s] Level 1:colcon.colcon_core.package_identification:_identify(src) by extension 'python'
[1.064s] Level 1:colcon.colcon_core.package_identification:_identify(src) by extensions ['python_setup_py']
[1.064s] Level 1:colcon.colcon_core.package_identification:_identify(src) by extension 'python_setup_py'
[1.064s] Level 1:colcon.colcon_core.package_identification:_identify(src/my_robot_controller) by extensions ['ignore', 'ignore_ament_install']
[1.064s] Level 1:colcon.colcon_core.package_identification:_identify(src/my_robot_controller) by extension 'ignore'
[1.064s] Level 1:colcon.colcon_core.package_identification:_identify(src/my_robot_controller) by extension 'ignore_ament_install'
[1.064s] Level 1:colcon.colcon_core.package_identification:_identify(src/my_robot_controller) by extensions ['colcon_pkg']
[1.064s] Level 1:colcon.colcon_core.package_identification:_identify(src/my_robot_controller) by extension 'colcon_pkg'
[1.064s] Level 1:colcon.colcon_core.package_identification:_identify(src/my_robot_controller) by extensions ['colcon_meta']
[1.064s] Level 1:colcon.colcon_core.package_identification:_identify(src/my_robot_controller) by extension 'colcon_meta'
[1.064s] Level 1:colcon.colcon_core.package_identification:_identify(src/my_robot_controller) by extensions ['ros']
[1.064s] Level 1:colcon.colcon_core.package_identification:_identify(src/my_robot_controller) by extension 'ros'
[1.067s] DEBUG:colcon.colcon_core.package_identification:Package 'src/my_robot_controller' with type 'ros.ament_python' and name 'my_robot_controller'
[1.067s] Level 1:colcon.colcon_core.package_identification:_identify(src/nav_in_lab) by extensions ['ignore', 'ignore_ament_install']
[1.067s] Level 1:colcon.colcon_core.package_identification:_identify(src/nav_in_lab) by extension 'ignore'
[1.067s] Level 1:colcon.colcon_core.package_identification:_identify(src/nav_in_lab) by extension 'ignore_ament_install'
[1.067s] Level 1:colcon.colcon_core.package_identification:_identify(src/nav_in_lab) by extensions ['colcon_pkg']
[1.067s] Level 1:colcon.colcon_core.package_identification:_identify(src/nav_in_lab) by extension 'colcon_pkg'
[1.067s] Level 1:colcon.colcon_core.package_identification:_identify(src/nav_in_lab) by extensions ['colcon_meta']
[1.067s] Level 1:colcon.colcon_core.package_identification:_identify(src/nav_in_lab) by extension 'colcon_meta'
[1.067s] Level 1:colcon.colcon_core.package_identification:_identify(src/nav_in_lab) by extensions ['ros']
[1.067s] Level 1:colcon.colcon_core.package_identification:_identify(src/nav_in_lab) by extension 'ros'
[1.068s] DEBUG:colcon.colcon_core.package_identification:Package 'src/nav_in_lab' with type 'ros.ament_python' and name 'nav_in_lab'
[1.068s] Level 1:colcon.colcon_core.package_identification:_identify(src/turtlebot4_space) by extensions ['ignore', 'ignore_ament_install']
[1.068s] Level 1:colcon.colcon_core.package_identification:_identify(src/turtlebot4_space) by extension 'ignore'
[1.068s] Level 1:colcon.colcon_core.package_identification:_identify(src/turtlebot4_space) by extension 'ignore_ament_install'
[1.068s] Level 1:colcon.colcon_core.package_identification:_identify(src/turtlebot4_space) by extensions ['colcon_pkg']
[1.068s] Level 1:colcon.colcon_core.package_identification:_identify(src/turtlebot4_space) by extension 'colcon_pkg'
[1.068s] Level 1:colcon.colcon_core.package_identification:_identify(src/turtlebot4_space) by extensions ['colcon_meta']
[1.068s] Level 1:colcon.colcon_core.package_identification:_identify(src/turtlebot4_space) by extension 'colcon_meta'
[1.068s] Level 1:colcon.colcon_core.package_identification:_identify(src/turtlebot4_space) by extensions ['ros']
[1.068s] Level 1:colcon.colcon_core.package_identification:_identify(src/turtlebot4_space) by extension 'ros'
[1.069s] DEBUG:colcon.colcon_core.package_identification:Package 'src/turtlebot4_space' with type 'ros.ament_python' and name 'turtlebot4_space'
[1.069s] Level 1:colcon.colcon_core.package_discovery:discover_packages(recursive) using defaults
[1.069s] Level 1:colcon.colcon_core.package_discovery:discover_packages(ignore) discover
[1.069s] Level 1:colcon.colcon_core.package_discovery:discover_packages(ignore) using defaults
[1.069s] Level 1:colcon.colcon_core.package_discovery:discover_packages(path) discover
[1.069s] Level 1:colcon.colcon_core.package_discovery:discover_packages(path) using defaults
[1.152s] Level 1:colcon.colcon_core.package_discovery:discover_packages(prefix_path) check parameters
[1.152s] Level 1:colcon.colcon_core.package_discovery:discover_packages(prefix_path) discover
[1.180s] DEBUG:colcon.colcon_installed_package_information.package_discovery:Found 3 installed packages in /home/anna/ros2_ws/install
[1.210s] DEBUG:colcon.colcon_installed_package_information.package_discovery:Found 450 installed packages in /opt/ros/humble
[1.212s] Level 1:colcon.colcon_core.package_discovery:discover_packages(prefix_path) using defaults
[1.314s] Level 5:colcon.colcon_core.verb:set package 'my_robot_controller' build argument 'cmake_args' from command line to 'None'
[1.314s] Level 5:colcon.colcon_core.verb:set package 'my_robot_controller' build argument 'cmake_target' from command line to 'None'
[1.314s] Level 5:colcon.colcon_core.verb:set package 'my_robot_controller' build argument 'cmake_target_skip_unavailable' from command line to 'False'
[1.314s] Level 5:colcon.colcon_core.verb:set package 'my_robot_controller' build argument 'cmake_clean_cache' from command line to 'False'
[1.314s] Level 5:colcon.colcon_core.verb:set package 'my_robot_controller' build argument 'cmake_clean_first' from command line to 'False'
[1.314s] Level 5:colcon.colcon_core.verb:set package 'my_robot_controller' build argument 'cmake_force_configure' from command line to 'False'
[1.314s] Level 5:colcon.colcon_core.verb:set package 'my_robot_controller' build argument 'ament_cmake_args' from command line to 'None'
[1.314s] Level 5:colcon.colcon_core.verb:set package 'my_robot_controller' build argument 'catkin_cmake_args' from command line to 'None'
[1.314s] Level 5:colcon.colcon_core.verb:set package 'my_robot_controller' build argument 'catkin_skip_building_tests' from command line to 'False'
[1.314s] DEBUG:colcon.colcon_core.verb:Building package 'my_robot_controller' with the following arguments: {'ament_cmake_args': None, 'build_base': '/home/anna/ros2_ws/build/my_robot_controller', 'catkin_cmake_args': None, 'catkin_skip_building_tests': False, 'cmake_args': None, 'cmake_clean_cache': False, 'cmake_clean_first': False, 'cmake_force_configure': False, 'cmake_target': None, 'cmake_target_skip_unavailable': False, 'install_base': '/home/anna/ros2_ws/install/my_robot_controller', 'merge_install': False, 'path': '/home/anna/ros2_ws/src/my_robot_controller', 'symlink_install': True, 'test_result_base': None}
[1.328s] Level 5:colcon.colcon_core.verb:set package 'nav_in_lab' build argument 'cmake_args' from command line to 'None'
[1.328s] Level 5:colcon.colcon_core.verb:set package 'nav_in_lab' build argument 'cmake_target' from command line to 'None'
[1.328s] Level 5:colcon.colcon_core.verb:set package 'nav_in_lab' build argument 'cmake_target_skip_unavailable' from command line to 'False'
[1.328s] Level 5:colcon.colcon_core.verb:set package 'nav_in_lab' build argument 'cmake_clean_cache' from command line to 'False'
[1.328s] Level 5:colcon.colcon_core.verb:set package 'nav_in_lab' build argument 'cmake_clean_first' from command line to 'False'
[1.329s] Level 5:colcon.colcon_core.verb:set package 'nav_in_lab' build argument 'cmake_force_configure' from command line to 'False'
[1.329s] Level 5:colcon.colcon_core.verb:set package 'nav_in_lab' build argument 'ament_cmake_args' from command line to 'None'
[1.329s] Level 5:colcon.colcon_core.verb:set package 'nav_in_lab' build argument 'catkin_cmake_args' from command line to 'None'
[1.329s] Level 5:colcon.colcon_core.verb:set package 'nav_in_lab' build argument 'catkin_skip_building_tests' from command line to 'False'
[1.329s] DEBUG:colcon.colcon_core.verb:Building package 'nav_in_lab' with the following arguments: {'ament_cmake_args': None, 'build_base': '/home/anna/ros2_ws/build/nav_in_lab', 'catkin_cmake_args': None, 'catkin_skip_building_tests': False, 'cmake_args': None, 'cmake_clean_cache': False, 'cmake_clean_first': False, 'cmake_force_configure': False, 'cmake_target': None, 'cmake_target_skip_unavailable': False, 'install_base': '/home/anna/ros2_ws/install/nav_in_lab', 'merge_install': False, 'path': '/home/anna/ros2_ws/src/nav_in_lab', 'symlink_install': True, 'test_result_base': None}
[1.342s] Level 5:colcon.colcon_core.verb:set package 'turtlebot4_space' build argument 'cmake_args' from command line to 'None'
[1.342s] Level 5:colcon.colcon_core.verb:set package 'turtlebot4_space' build argument 'cmake_target' from command line to 'None'
[1.342s] Level 5:colcon.colcon_core.verb:set package 'turtlebot4_space' build argument 'cmake_target_skip_unavailable' from command line to 'False'
[1.342s] Level 5:colcon.colcon_core.verb:set package 'turtlebot4_space' build argument 'cmake_clean_cache' from command line to 'False'
[1.342s] Level 5:colcon.colcon_core.verb:set package 'turtlebot4_space' build argument 'cmake_clean_first' from command line to 'False'
[1.342s] Level 5:colcon.colcon_core.verb:set package 'turtlebot4_space' build argument 'cmake_force_configure' from command line to 'False'
[1.342s] Level 5:colcon.colcon_core.verb:set package 'turtlebot4_space' build argument 'ament_cmake_args' from command line to 'None'
[1.342s] Level 5:colcon.colcon_core.verb:set package 'turtlebot4_space' build argument 'catkin_cmake_args' from command line to 'None'
[1.342s] Level 5:colcon.colcon_core.verb:set package 'turtlebot4_space' build argument 'catkin_skip_building_tests' from command line to 'False'
[1.342s] DEBUG:colcon.colcon_core.verb:Building package 'turtlebot4_space' with the following arguments: {'ament_cmake_args': None, 'build_base': '/home/anna/ros2_ws/build/turtlebot4_space', 'catkin_cmake_args': None, 'catkin_skip_building_tests': False, 'cmake_args': None, 'cmake_clean_cache': False, 'cmake_clean_first': False, 'cmake_force_configure': False, 'cmake_target': None, 'cmake_target_skip_unavailable': False, 'install_base': '/home/anna/ros2_ws/install/turtlebot4_space', 'merge_install': False, 'path': '/home/anna/ros2_ws/src/turtlebot4_space', 'symlink_install': True, 'test_result_base': None}
[1.357s] INFO:colcon.colcon_core.executor:Executing jobs using 'parallel' executor
[1.372s] DEBUG:colcon.colcon_parallel_executor.executor.parallel:run_until_complete
[1.373s] INFO:colcon.colcon_ros.task.ament_python.build:Building ROS package in '/home/anna/ros2_ws/src/my_robot_controller' with build type 'ament_python'
[1.373s] Level 1:colcon.colcon_core.shell:create_environment_hook('my_robot_controller', 'ament_prefix_path')
[1.389s] INFO:colcon.colcon_core.plugin_system:Skipping extension 'colcon_core.shell.bat': Not used on non-Windows systems
[1.389s] INFO:colcon.colcon_core.shell:Creating environment hook '/home/anna/ros2_ws/install/my_robot_controller/share/my_robot_controller/hook/ament_prefix_path.ps1'
[1.390s] INFO:colcon.colcon_core.shell:Creating environment descriptor '/home/anna/ros2_ws/install/my_robot_controller/share/my_robot_controller/hook/ament_prefix_path.dsv'
[1.390s] INFO:colcon.colcon_core.shell:Creating environment hook '/home/anna/ros2_ws/install/my_robot_controller/share/my_robot_controller/hook/ament_prefix_path.sh'
[1.405s] INFO:colcon.colcon_core.shell:Skip shell extension 'powershell' for command environment: Not usable outside of PowerShell
[1.405s] DEBUG:colcon.colcon_core.shell:Skip shell extension 'dsv' for command environment
[1.452s] INFO:colcon.colcon_ros.task.ament_python.build:Building ROS package in '/home/anna/ros2_ws/src/nav_in_lab' with build type 'ament_python'
[1.452s] Level 1:colcon.colcon_core.shell:create_environment_hook('nav_in_lab', 'ament_prefix_path')
[1.467s] INFO:colcon.colcon_core.shell:Creating environment hook '/home/anna/ros2_ws/install/nav_in_lab/share/nav_in_lab/hook/ament_prefix_path.ps1'
[1.467s] INFO:colcon.colcon_core.shell:Creating environment descriptor '/home/anna/ros2_ws/install/nav_in_lab/share/nav_in_lab/hook/ament_prefix_path.dsv'
[1.468s] INFO:colcon.colcon_core.shell:Creating environment hook '/home/anna/ros2_ws/install/nav_in_lab/share/nav_in_lab/hook/ament_prefix_path.sh'
[1.482s] INFO:colcon.colcon_core.shell:Skip shell extension 'powershell' for command environment: Not usable outside of PowerShell
[1.482s] DEBUG:colcon.colcon_core.shell:Skip shell extension 'dsv' for command environment
[1.530s] INFO:colcon.colcon_ros.task.ament_python.build:Building ROS package in '/home/anna/ros2_ws/src/turtlebot4_space' with build type 'ament_python'
[1.530s] Level 1:colcon.colcon_core.shell:create_environment_hook('turtlebot4_space', 'ament_prefix_path')
[1.545s] INFO:colcon.colcon_core.shell:Creating environment hook '/home/anna/ros2_ws/install/turtlebot4_space/share/turtlebot4_space/hook/ament_prefix_path.ps1'
[1.546s] INFO:colcon.colcon_core.shell:Creating environment descriptor '/home/anna/ros2_ws/install/turtlebot4_space/share/turtlebot4_space/hook/ament_prefix_path.dsv'
[1.546s] INFO:colcon.colcon_core.shell:Creating environment hook '/home/anna/ros2_ws/install/turtlebot4_space/share/turtlebot4_space/hook/ament_prefix_path.sh'
[1.562s] INFO:colcon.colcon_core.shell:Skip shell extension 'powershell' for command environment: Not usable outside of PowerShell
[1.562s] DEBUG:colcon.colcon_core.shell:Skip shell extension 'dsv' for command environment
[1.913s] INFO:colcon.colcon_core.task.python.build:Building Python package in '/home/anna/ros2_ws/src/my_robot_controller'
[1.928s] INFO:colcon.colcon_core.shell:Skip shell extension 'powershell' for command environment: Not usable outside of PowerShell
[1.928s] DEBUG:colcon.colcon_core.shell:Skip shell extension 'dsv' for command environment
[2.329s] INFO:colcon.colcon_core.task.python.build:Building Python package in '/home/anna/ros2_ws/src/nav_in_lab'
[2.345s] INFO:colcon.colcon_core.shell:Skip shell extension 'powershell' for command environment: Not usable outside of PowerShell
[2.345s] DEBUG:colcon.colcon_core.shell:Skip shell extension 'dsv' for command environment
[2.665s] INFO:colcon.colcon_core.task.python.build:Building Python package in '/home/anna/ros2_ws/src/turtlebot4_space'
[2.683s] INFO:colcon.colcon_core.shell:Skip shell extension 'powershell' for command environment: Not usable outside of PowerShell
[2.683s] DEBUG:colcon.colcon_core.shell:Skip shell extension 'dsv' for command environment
[3.186s] DEBUG:colcon.colcon_core.event_handler.log_command:Invoking command in '/home/anna/ros2_ws/build/my_robot_controller': PYTHONPATH=/home/anna/ros2_ws/build/my_robot_controller/prefix_override:/home/anna/ros2_ws/install/my_robot_controller/lib/python3.10/site-packages:${PYTHONPATH} /usr/bin/python3 setup.py develop --editable --build-directory /home/anna/ros2_ws/build/my_robot_controller/build --no-deps install_data
[3.189s] DEBUG:colcon.colcon_core.event_handler.log_command:Invoking command in '/home/anna/ros2_ws/build/nav_in_lab': PYTHONPATH=/home/anna/ros2_ws/build/nav_in_lab/prefix_override:/home/anna/ros2_ws/install/nav_in_lab/lib/python3.10/site-packages:${PYTHONPATH} /usr/bin/python3 setup.py develop --editable --build-directory /home/anna/ros2_ws/build/nav_in_lab/build --no-deps install_data
[3.223s] DEBUG:colcon.colcon_core.event_handler.log_command:Invoking command in '/home/anna/ros2_ws/build/turtlebot4_space': PYTHONPATH=/home/anna/ros2_ws/build/turtlebot4_space/prefix_override:/home/anna/ros2_ws/install/turtlebot4_space/lib/python3.10/site-packages:${PYTHONPATH} /usr/bin/python3 setup.py develop --editable --build-directory /home/anna/ros2_ws/build/turtlebot4_space/build --no-deps install_data
[3.770s] Level 1:colcon.colcon_core.shell:create_environment_hook('my_robot_controller', 'pythonpath_develop')
[3.773s] DEBUG:colcon.colcon_core.event_handler.log_command:Invoked command in '/home/anna/ros2_ws/build/my_robot_controller' returned '0': PYTHONPATH=/home/anna/ros2_ws/build/my_robot_controller/prefix_override:/home/anna/ros2_ws/install/my_robot_controller/lib/python3.10/site-packages:${PYTHONPATH} /usr/bin/python3 setup.py develop --editable --build-directory /home/anna/ros2_ws/build/my_robot_controller/build --no-deps install_data
[3.789s] INFO:colcon.colcon_core.shell:Creating environment hook '/home/anna/ros2_ws/build/my_robot_controller/share/my_robot_controller/hook/pythonpath_develop.ps1'
[3.790s] INFO:colcon.colcon_core.shell:Creating environment descriptor '/home/anna/ros2_ws/build/my_robot_controller/share/my_robot_controller/hook/pythonpath_develop.dsv'
[3.790s] INFO:colcon.colcon_core.shell:Creating environment hook '/home/anna/ros2_ws/build/my_robot_controller/share/my_robot_controller/hook/pythonpath_develop.sh'
[3.806s] Level 1:colcon.colcon_core.environment:checking '/home/anna/ros2_ws/install/my_robot_controller' for CMake module files
[3.807s] Level 1:colcon.colcon_core.environment:checking '/home/anna/ros2_ws/install/my_robot_controller' for CMake config files
[3.807s] Level 1:colcon.colcon_core.environment:checking '/home/anna/ros2_ws/install/my_robot_controller/lib'
[3.807s] Level 1:colcon.colcon_core.environment:checking '/home/anna/ros2_ws/install/my_robot_controller/bin'
[3.807s] Level 1:colcon.colcon_core.environment:checking '/home/anna/ros2_ws/install/my_robot_controller/lib/pkgconfig/my_robot_controller.pc'
[3.808s] Level 1:colcon.colcon_core.environment:checking '/home/anna/ros2_ws/install/my_robot_controller/lib/python3.10/site-packages'
[3.808s] Level 1:colcon.colcon_core.shell:create_environment_hook('my_robot_controller', 'pythonpath')
[3.823s] INFO:colcon.colcon_core.shell:Creating environment hook '/home/anna/ros2_ws/install/my_robot_controller/share/my_robot_controller/hook/pythonpath.ps1'
[3.824s] INFO:colcon.colcon_core.shell:Creating environment descriptor '/home/anna/ros2_ws/install/my_robot_controller/share/my_robot_controller/hook/pythonpath.dsv'
[3.824s] INFO:colcon.colcon_core.shell:Creating environment hook '/home/anna/ros2_ws/install/my_robot_controller/share/my_robot_controller/hook/pythonpath.sh'
[3.825s] Level 1:colcon.colcon_core.environment:checking '/home/anna/ros2_ws/install/my_robot_controller/bin'
[3.825s] Level 1:colcon.colcon_core.environment:create_environment_scripts_only(my_robot_controller)
[3.840s] INFO:colcon.colcon_core.shell:Creating package script '/home/anna/ros2_ws/install/my_robot_controller/share/my_robot_controller/package.ps1'
[3.841s] INFO:colcon.colcon_core.shell:Creating package descriptor '/home/anna/ros2_ws/install/my_robot_controller/share/my_robot_controller/package.dsv'
[3.841s] INFO:colcon.colcon_core.shell:Creating package script '/home/anna/ros2_ws/install/my_robot_controller/share/my_robot_controller/package.sh'
[3.842s] INFO:colcon.colcon_core.shell:Creating package script '/home/anna/ros2_ws/install/my_robot_controller/share/my_robot_controller/package.bash'
[3.842s] INFO:colcon.colcon_core.shell:Creating package script '/home/anna/ros2_ws/install/my_robot_controller/share/my_robot_controller/package.zsh'
[3.843s] Level 1:colcon.colcon_core.environment:create_file_with_runtime_dependencies(/home/anna/ros2_ws/install/my_robot_controller/share/colcon-core/packages/my_robot_controller)
[3.844s] Level 1:colcon.colcon_core.shell:create_environment_hook('nav_in_lab', 'pythonpath_develop')
[3.846s] DEBUG:colcon.colcon_core.event_handler.log_command:Invoked command in '/home/anna/ros2_ws/build/nav_in_lab' returned '0': PYTHONPATH=/home/anna/ros2_ws/build/nav_in_lab/prefix_override:/home/anna/ros2_ws/install/nav_in_lab/lib/python3.10/site-packages:${PYTHONPATH} /usr/bin/python3 setup.py develop --editable --build-directory /home/anna/ros2_ws/build/nav_in_lab/build --no-deps install_data
[3.859s] INFO:colcon.colcon_core.shell:Creating environment hook '/home/anna/ros2_ws/build/nav_in_lab/share/nav_in_lab/hook/pythonpath_develop.ps1'
[3.859s] INFO:colcon.colcon_core.shell:Creating environment descriptor '/home/anna/ros2_ws/build/nav_in_lab/share/nav_in_lab/hook/pythonpath_develop.dsv'
[3.860s] INFO:colcon.colcon_core.shell:Creating environment hook '/home/anna/ros2_ws/build/nav_in_lab/share/nav_in_lab/hook/pythonpath_develop.sh'
[3.874s] Level 1:colcon.colcon_core.environment:checking '/home/anna/ros2_ws/install/nav_in_lab' for CMake module files
[3.874s] Level 1:colcon.colcon_core.environment:checking '/home/anna/ros2_ws/install/nav_in_lab' for CMake config files
[3.874s] Level 1:colcon.colcon_core.environment:checking '/home/anna/ros2_ws/install/nav_in_lab/lib'
[3.874s] Level 1:colcon.colcon_core.environment:checking '/home/anna/ros2_ws/install/nav_in_lab/bin'
[3.875s] Level 1:colcon.colcon_core.environment:checking '/home/anna/ros2_ws/install/nav_in_lab/lib/pkgconfig/nav_in_lab.pc'
[3.875s] Level 1:colcon.colcon_core.environment:checking '/home/anna/ros2_ws/install/nav_in_lab/lib/python3.10/site-packages'
[3.875s] Level 1:colcon.colcon_core.shell:create_environment_hook('nav_in_lab', 'pythonpath')
[3.889s] INFO:colcon.colcon_core.shell:Creating environment hook '/home/anna/ros2_ws/install/nav_in_lab/share/nav_in_lab/hook/pythonpath.ps1'
[3.890s] INFO:colcon.colcon_core.shell:Creating environment descriptor '/home/anna/ros2_ws/install/nav_in_lab/share/nav_in_lab/hook/pythonpath.dsv'
[3.890s] INFO:colcon.colcon_core.shell:Creating environment hook '/home/anna/ros2_ws/install/nav_in_lab/share/nav_in_lab/hook/pythonpath.sh'
[3.890s] Level 1:colcon.colcon_core.environment:checking '/home/anna/ros2_ws/install/nav_in_lab/bin'
[3.890s] Level 1:colcon.colcon_core.environment:create_environment_scripts_only(nav_in_lab)
[3.905s] INFO:colcon.colcon_core.shell:Creating package script '/home/anna/ros2_ws/install/nav_in_lab/share/nav_in_lab/package.ps1'
[3.905s] INFO:colcon.colcon_core.shell:Creating package descriptor '/home/anna/ros2_ws/install/nav_in_lab/share/nav_in_lab/package.dsv'
[3.906s] INFO:colcon.colcon_core.shell:Creating package script '/home/anna/ros2_ws/install/nav_in_lab/share/nav_in_lab/package.sh'
[3.906s] INFO:colcon.colcon_core.shell:Creating package script '/home/anna/ros2_ws/install/nav_in_lab/share/nav_in_lab/package.bash'
[3.906s] INFO:colcon.colcon_core.shell:Creating package script '/home/anna/ros2_ws/install/nav_in_lab/share/nav_in_lab/package.zsh'
[3.906s] Level 1:colcon.colcon_core.environment:create_file_with_runtime_dependencies(/home/anna/ros2_ws/install/nav_in_lab/share/colcon-core/packages/nav_in_lab)
[3.907s] Level 1:colcon.colcon_core.shell:create_environment_hook('turtlebot4_space', 'pythonpath_develop')
[3.909s] DEBUG:colcon.colcon_core.event_handler.log_command:Invoked command in '/home/anna/ros2_ws/build/turtlebot4_space' returned '0': PYTHONPATH=/home/anna/ros2_ws/build/turtlebot4_space/prefix_override:/home/anna/ros2_ws/install/turtlebot4_space/lib/python3.10/site-packages:${PYTHONPATH} /usr/bin/python3 setup.py develop --editable --build-directory /home/anna/ros2_ws/build/turtlebot4_space/build --no-deps install_data
[3.927s] INFO:colcon.colcon_core.shell:Creating environment hook '/home/anna/ros2_ws/build/turtlebot4_space/share/turtlebot4_space/hook/pythonpath_develop.ps1'
[3.927s] INFO:colcon.colcon_core.shell:Creating environment descriptor '/home/anna/ros2_ws/build/turtlebot4_space/share/turtlebot4_space/hook/pythonpath_develop.dsv'
[3.928s] INFO:colcon.colcon_core.shell:Creating environment hook '/home/anna/ros2_ws/build/turtlebot4_space/share/turtlebot4_space/hook/pythonpath_develop.sh'
[3.944s] Level 1:colcon.colcon_core.environment:checking '/home/anna/ros2_ws/install/turtlebot4_space' for CMake module files
[3.944s] Level 1:colcon.colcon_core.environment:checking '/home/anna/ros2_ws/install/turtlebot4_space' for CMake config files
[3.944s] Level 1:colcon.colcon_core.environment:checking '/home/anna/ros2_ws/install/turtlebot4_space/lib'
[3.944s] Level 1:colcon.colcon_core.environment:checking '/home/anna/ros2_ws/install/turtlebot4_space/bin'
[3.944s] Level 1:colcon.colcon_core.environment:checking '/home/anna/ros2_ws/install/turtlebot4_space/lib/pkgconfig/turtlebot4_space.pc'
[3.945s] Level 1:colcon.colcon_core.environment:checking '/home/anna/ros2_ws/install/turtlebot4_space/lib/python3.10/site-packages'
[3.945s] Level 1:colcon.colcon_core.shell:create_environment_hook('turtlebot4_space', 'pythonpath')
[3.962s] INFO:colcon.colcon_core.shell:Creating environment hook '/home/anna/ros2_ws/install/turtlebot4_space/share/turtlebot4_space/hook/pythonpath.ps1'
[3.962s] INFO:colcon.colcon_core.shell:Creating environment descriptor '/home/anna/ros2_ws/install/turtlebot4_space/share/turtlebot4_space/hook/pythonpath.dsv'
[3.962s] INFO:colcon.colcon_core.shell:Creating environment hook '/home/anna/ros2_ws/install/turtlebot4_space/share/turtlebot4_space/hook/pythonpath.sh'
[3.963s] Level 1:colcon.colcon_core.environment:checking '/home/anna/ros2_ws/install/turtlebot4_space/bin'
[3.963s] Level 1:colcon.colcon_core.environment:create_environment_scripts_only(turtlebot4_space)
[3.981s] INFO:colcon.colcon_core.shell:Creating package script '/home/anna/ros2_ws/install/turtlebot4_space/share/turtlebot4_space/package.ps1'
[3.982s] INFO:colcon.colcon_core.shell:Creating package descriptor '/home/anna/ros2_ws/install/turtlebot4_space/share/turtlebot4_space/package.dsv'
[3.982s] INFO:colcon.colcon_core.shell:Creating package script '/home/anna/ros2_ws/install/turtlebot4_space/share/turtlebot4_space/package.sh'
[3.982s] INFO:colcon.colcon_core.shell:Creating package script '/home/anna/ros2_ws/install/turtlebot4_space/share/turtlebot4_space/package.bash'
[3.983s] INFO:colcon.colcon_core.shell:Creating package script '/home/anna/ros2_ws/install/turtlebot4_space/share/turtlebot4_space/package.zsh'
[3.983s] Level 1:colcon.colcon_core.environment:create_file_with_runtime_dependencies(/home/anna/ros2_ws/install/turtlebot4_space/share/colcon-core/packages/turtlebot4_space)
[3.984s] DEBUG:colcon.colcon_parallel_executor.executor.parallel:closing loop
[3.984s] DEBUG:colcon.colcon_parallel_executor.executor.parallel:loop closed
[3.984s] DEBUG:colcon.colcon_parallel_executor.executor.parallel:run_until_complete finished with '0'
[3.985s] DEBUG:colcon.colcon_core.event_reactor:joining thread
[4.007s] INFO:colcon.colcon_core.plugin_system:Skipping extension 'colcon_notification.desktop_notification.terminal_notifier': Not used on non-Darwin systems
[4.007s] INFO:colcon.colcon_core.plugin_system:Skipping extension 'colcon_notification.desktop_notification.win32': Not used on non-Windows systems
[4.007s] INFO:colcon.colcon_notification.desktop_notification:Sending desktop notification using 'notify2'
[4.026s] DEBUG:colcon.colcon_core.event_reactor:joined thread
[4.058s] INFO:colcon.colcon_core.shell:Creating prefix script '/home/anna/ros2_ws/install/local_setup.ps1'
[4.059s] INFO:colcon.colcon_core.shell:Creating prefix util module '/home/anna/ros2_ws/install/_local_setup_util_ps1.py'
[4.060s] INFO:colcon.colcon_core.shell:Creating prefix chain script '/home/anna/ros2_ws/install/setup.ps1'
[4.075s] INFO:colcon.colcon_core.shell:Creating prefix script '/home/anna/ros2_ws/install/local_setup.sh'
[4.076s] INFO:colcon.colcon_core.shell:Creating prefix util module '/home/anna/ros2_ws/install/_local_setup_util_sh.py'
[4.076s] INFO:colcon.colcon_core.shell:Creating prefix chain script '/home/anna/ros2_ws/install/setup.sh'
[4.091s] INFO:colcon.colcon_core.shell:Creating prefix script '/home/anna/ros2_ws/install/local_setup.bash'
[4.091s] INFO:colcon.colcon_core.shell:Creating prefix chain script '/home/anna/ros2_ws/install/setup.bash'
[4.106s] INFO:colcon.colcon_core.shell:Creating prefix script '/home/anna/ros2_ws/install/local_setup.zsh'
[4.106s] INFO:colcon.colcon_core.shell:Creating prefix chain script '/home/anna/ros2_ws/install/setup.zsh'
