[0.909s] DEBUG:colcon:Command line arguments: ['/usr/bin/colcon', 'build', '--symlink-install']
[0.909s] DEBUG:colcon:Parsed command line arguments: Namespace(log_base=None, log_level=None, verb_name='build', build_base='build', install_base='install', merge_install=False, symlink_install=True, test_result_base=None, continue_on_error=False, executor='parallel', parallel_workers=16, event_handlers=None, ignore_user_meta=False, metas=['./colcon.meta'], base_paths=['.'], packages_ignore=None, packages_ignore_regex=None, paths=None, packages_up_to=None, packages_up_to_regex=None, packages_above=None, packages_above_and_dependencies=None, packages_above_depth=None, packages_select_by_dep=None, packages_skip_by_dep=None, packages_skip_up_to=None, packages_select_build_failed=False, packages_skip_build_finished=False, packages_select_test_failures=False, packages_skip_test_passed=False, packages_select=None, packages_skip=None, packages_select_regex=None, packages_skip_regex=None, packages_start=None, packages_end=None, allow_overriding=[], cmake_args=None, cmake_target=None, cmake_target_skip_unavailable=False, cmake_clean_cache=False, cmake_clean_first=False, cmake_force_configure=False, ament_cmake_args=None, catkin_cmake_args=None, catkin_skip_building_tests=False, verb_parser=<colcon_defaults.argument_parser.defaults.DefaultArgumentsDecorator object at 0x7f9b69a164a0>, verb_extension=<colcon_core.verb.build.BuildVerb object at 0x7f9b69b516c0>, main=<bound method BuildVerb.main of <colcon_core.verb.build.BuildVerb object at 0x7f9b69b516c0>>)
[0.950s] Level 1:colcon.colcon_core.package_discovery:discover_packages(colcon_meta) check parameters
[0.950s] Level 1:colcon.colcon_core.package_discovery:discover_packages(recursive) check parameters
[0.950s] Level 1:colcon.colcon_core.package_discovery:discover_packages(ignore) check parameters
[0.950s] Level 1:colcon.colcon_core.package_discovery:discover_packages(path) check parameters
[0.950s] Level 1:colcon.colcon_core.package_discovery:discover_packages(colcon_meta) discover
[0.950s] Level 1:colcon.colcon_core.package_discovery:discover_packages(recursive) discover
[0.950s] INFO:colcon.colcon_core.package_discovery:Crawling recursively for packages in '/home/anna/ros2_ws'
[0.950s] Level 1:colcon.colcon_core.package_identification:_identify(.) by extensions ['ignore', 'ignore_ament_install']
[0.950s] Level 1:colcon.colcon_core.package_identification:_identify(.) by extension 'ignore'
[0.950s] Level 1:colcon.colcon_core.package_identification:_identify(.) by extension 'ignore_ament_install'
[0.950s] Level 1:colcon.colcon_core.package_identification:_identify(.) by extensions ['colcon_pkg']
[0.950s] Level 1:colcon.colcon_core.package_identification:_identify(.) by extension 'colcon_pkg'
[0.950s] Level 1:colcon.colcon_core.package_identification:_identify(.) by extensions ['colcon_meta']
[0.950s] Level 1:colcon.colcon_core.package_identification:_identify(.) by extension 'colcon_meta'
[0.950s] Level 1:colcon.colcon_core.package_identification:_identify(.) by extensions ['ros']
[0.950s] Level 1:colcon.colcon_core.package_identification:_identify(.) by extension 'ros'
[0.960s] Level 1:colcon.colcon_core.package_identification:_identify(.) by extensions ['cmake', 'python']
[0.960s] Level 1:colcon.colcon_core.package_identification:_identify(.) by extension 'cmake'
[0.960s] Level 1:colcon.colcon_core.package_identification:_identify(.) by extension 'python'
[0.960s] Level 1:colcon.colcon_core.package_identification:_identify(.) by extensions ['python_setup_py']
[0.961s] Level 1:colcon.colcon_core.package_identification:_identify(.) by extension 'python_setup_py'
[0.961s] Level 1:colcon.colcon_core.package_identification:_identify(build) by extensions ['ignore', 'ignore_ament_install']
[0.961s] Level 1:colcon.colcon_core.package_identification:_identify(build) by extension 'ignore'
[0.961s] Level 1:colcon.colcon_core.package_identification:_identify(build) ignored
[0.961s] Level 1:colcon.colcon_core.package_identification:_identify(install) by extensions ['ignore', 'ignore_ament_install']
[0.961s] Level 1:colcon.colcon_core.package_identification:_identify(install) by extension 'ignore'
[0.961s] Level 1:colcon.colcon_core.package_identification:_identify(install) ignored
[0.961s] Level 1:colcon.colcon_core.package_identification:_identify(log) by extensions ['ignore', 'ignore_ament_install']
[0.961s] Level 1:colcon.colcon_core.package_identification:_identify(log) by extension 'ignore'
[0.961s] Level 1:colcon.colcon_core.package_identification:_identify(log) ignored
[0.961s] Level 1:colcon.colcon_core.package_identification:_identify(src) by extensions ['ignore', 'ignore_ament_install']
[0.961s] Level 1:colcon.colcon_core.package_identification:_identify(src) by extension 'ignore'
[0.961s] Level 1:colcon.colcon_core.package_identification:_identify(src) by extension 'ignore_ament_install'
[0.961s] Level 1:colcon.colcon_core.package_identification:_identify(src) by extensions ['colcon_pkg']
[0.961s] Level 1:colcon.colcon_core.package_identification:_identify(src) by extension 'colcon_pkg'
[0.961s] Level 1:colcon.colcon_core.package_identification:_identify(src) by extensions ['colcon_meta']
[0.961s] Level 1:colcon.colcon_core.package_identification:_identify(src) by extension 'colcon_meta'
[0.961s] Level 1:colcon.colcon_core.package_identification:_identify(src) by extensions ['ros']
[0.961s] Level 1:colcon.colcon_core.package_identification:_identify(src) by extension 'ros'
[0.961s] Level 1:colcon.colcon_core.package_identification:_identify(src) by extensions ['cmake', 'python']
[0.961s] Level 1:colcon.colcon_core.package_identification:_identify(src) by extension 'cmake'
[0.961s] Level 1:colcon.colcon_core.package_identification:_identify(src) by extension 'python'
[0.962s] Level 1:colcon.colcon_core.package_identification:_identify(src) by extensions ['python_setup_py']
[0.962s] Level 1:colcon.colcon_core.package_identification:_identify(src) by extension 'python_setup_py'
[0.962s] Level 1:colcon.colcon_core.package_identification:_identify(src/my_robot_controller) by extensions ['ignore', 'ignore_ament_install']
[0.962s] Level 1:colcon.colcon_core.package_identification:_identify(src/my_robot_controller) by extension 'ignore'
[0.962s] Level 1:colcon.colcon_core.package_identification:_identify(src/my_robot_controller) by extension 'ignore_ament_install'
[0.962s] Level 1:colcon.colcon_core.package_identification:_identify(src/my_robot_controller) by extensions ['colcon_pkg']
[0.962s] Level 1:colcon.colcon_core.package_identification:_identify(src/my_robot_controller) by extension 'colcon_pkg'
[0.962s] Level 1:colcon.colcon_core.package_identification:_identify(src/my_robot_controller) by extensions ['colcon_meta']
[0.962s] Level 1:colcon.colcon_core.package_identification:_identify(src/my_robot_controller) by extension 'colcon_meta'
[0.962s] Level 1:colcon.colcon_core.package_identification:_identify(src/my_robot_controller) by extensions ['ros']
[0.962s] Level 1:colcon.colcon_core.package_identification:_identify(src/my_robot_controller) by extension 'ros'
[0.965s] DEBUG:colcon.colcon_core.package_identification:Package 'src/my_robot_controller' with type 'ros.ament_python' and name 'my_robot_controller'
[0.965s] Level 1:colcon.colcon_core.package_identification:_identify(src/turtlebot4_space) by extensions ['ignore', 'ignore_ament_install']
[0.965s] Level 1:colcon.colcon_core.package_identification:_identify(src/turtlebot4_space) by extension 'ignore'
[0.965s] Level 1:colcon.colcon_core.package_identification:_identify(src/turtlebot4_space) by extension 'ignore_ament_install'
[0.965s] Level 1:colcon.colcon_core.package_identification:_identify(src/turtlebot4_space) by extensions ['colcon_pkg']
[0.965s] Level 1:colcon.colcon_core.package_identification:_identify(src/turtlebot4_space) by extension 'colcon_pkg'
[0.965s] Level 1:colcon.colcon_core.package_identification:_identify(src/turtlebot4_space) by extensions ['colcon_meta']
[0.965s] Level 1:colcon.colcon_core.package_identification:_identify(src/turtlebot4_space) by extension 'colcon_meta'
[0.966s] Level 1:colcon.colcon_core.package_identification:_identify(src/turtlebot4_space) by extensions ['ros']
[0.966s] Level 1:colcon.colcon_core.package_identification:_identify(src/turtlebot4_space) by extension 'ros'
[0.966s] DEBUG:colcon.colcon_core.package_identification:Package 'src/turtlebot4_space' with type 'ros.ament_python' and name 'turtlebot4_space'
[0.966s] Level 1:colcon.colcon_core.package_discovery:discover_packages(recursive) using defaults
[0.966s] Level 1:colcon.colcon_core.package_discovery:discover_packages(ignore) discover
[0.966s] Level 1:colcon.colcon_core.package_discovery:discover_packages(ignore) using defaults
[0.966s] Level 1:colcon.colcon_core.package_discovery:discover_packages(path) discover
[0.966s] Level 1:colcon.colcon_core.package_discovery:discover_packages(path) using defaults
[1.046s] Level 1:colcon.colcon_core.package_discovery:discover_packages(prefix_path) check parameters
[1.046s] Level 1:colcon.colcon_core.package_discovery:discover_packages(prefix_path) discover
[1.073s] DEBUG:colcon.colcon_installed_package_information.package_discovery:Found 2 installed packages in /home/anna/ros2_ws/install
[1.086s] DEBUG:colcon.colcon_installed_package_information.package_discovery:Found 377 installed packages in /opt/ros/humble
[1.105s] Level 1:colcon.colcon_core.package_discovery:discover_packages(prefix_path) using defaults
[1.193s] Level 5:colcon.colcon_core.verb:set package 'my_robot_controller' build argument 'cmake_args' from command line to 'None'
[1.193s] Level 5:colcon.colcon_core.verb:set package 'my_robot_controller' build argument 'cmake_target' from command line to 'None'
[1.193s] Level 5:colcon.colcon_core.verb:set package 'my_robot_controller' build argument 'cmake_target_skip_unavailable' from command line to 'False'
[1.193s] Level 5:colcon.colcon_core.verb:set package 'my_robot_controller' build argument 'cmake_clean_cache' from command line to 'False'
[1.193s] Level 5:colcon.colcon_core.verb:set package 'my_robot_controller' build argument 'cmake_clean_first' from command line to 'False'
[1.193s] Level 5:colcon.colcon_core.verb:set package 'my_robot_controller' build argument 'cmake_force_configure' from command line to 'False'
[1.193s] Level 5:colcon.colcon_core.verb:set package 'my_robot_controller' build argument 'ament_cmake_args' from command line to 'None'
[1.193s] Level 5:colcon.colcon_core.verb:set package 'my_robot_controller' build argument 'catkin_cmake_args' from command line to 'None'
[1.193s] Level 5:colcon.colcon_core.verb:set package 'my_robot_controller' build argument 'catkin_skip_building_tests' from command line to 'False'
[1.193s] DEBUG:colcon.colcon_core.verb:Building package 'my_robot_controller' with the following arguments: {'ament_cmake_args': None, 'build_base': '/home/anna/ros2_ws/build/my_robot_controller', 'catkin_cmake_args': None, 'catkin_skip_building_tests': False, 'cmake_args': None, 'cmake_clean_cache': False, 'cmake_clean_first': False, 'cmake_force_configure': False, 'cmake_target': None, 'cmake_target_skip_unavailable': False, 'install_base': '/home/anna/ros2_ws/install/my_robot_controller', 'merge_install': False, 'path': '/home/anna/ros2_ws/src/my_robot_controller', 'symlink_install': True, 'test_result_base': None}
[1.207s] Level 5:colcon.colcon_core.verb:set package 'turtlebot4_space' build argument 'cmake_args' from command line to 'None'
[1.207s] Level 5:colcon.colcon_core.verb:set package 'turtlebot4_space' build argument 'cmake_target' from command line to 'None'
[1.207s] Level 5:colcon.colcon_core.verb:set package 'turtlebot4_space' build argument 'cmake_target_skip_unavailable' from command line to 'False'
[1.207s] Level 5:colcon.colcon_core.verb:set package 'turtlebot4_space' build argument 'cmake_clean_cache' from command line to 'False'
[1.207s] Level 5:colcon.colcon_core.verb:set package 'turtlebot4_space' build argument 'cmake_clean_first' from command line to 'False'
[1.207s] Level 5:colcon.colcon_core.verb:set package 'turtlebot4_space' build argument 'cmake_force_configure' from command line to 'False'
[1.207s] Level 5:colcon.colcon_core.verb:set package 'turtlebot4_space' build argument 'ament_cmake_args' from command line to 'None'
[1.207s] Level 5:colcon.colcon_core.verb:set package 'turtlebot4_space' build argument 'catkin_cmake_args' from command line to 'None'
[1.207s] Level 5:colcon.colcon_core.verb:set package 'turtlebot4_space' build argument 'catkin_skip_building_tests' from command line to 'False'
[1.207s] DEBUG:colcon.colcon_core.verb:Building package 'turtlebot4_space' with the following arguments: {'ament_cmake_args': None, 'build_base': '/home/anna/ros2_ws/build/turtlebot4_space', 'catkin_cmake_args': None, 'catkin_skip_building_tests': False, 'cmake_args': None, 'cmake_clean_cache': False, 'cmake_clean_first': False, 'cmake_force_configure': False, 'cmake_target': None, 'cmake_target_skip_unavailable': False, 'install_base': '/home/anna/ros2_ws/install/turtlebot4_space', 'merge_install': False, 'path': '/home/anna/ros2_ws/src/turtlebot4_space', 'symlink_install': True, 'test_result_base': None}
[1.219s] INFO:colcon.colcon_core.executor:Executing jobs using 'parallel' executor
[1.233s] DEBUG:colcon.colcon_parallel_executor.executor.parallel:run_until_complete
[1.233s] INFO:colcon.colcon_ros.task.ament_python.build:Building ROS package in '/home/anna/ros2_ws/src/my_robot_controller' with build type 'ament_python'
[1.233s] Level 1:colcon.colcon_core.shell:create_environment_hook('my_robot_controller', 'ament_prefix_path')
[1.247s] INFO:colcon.colcon_core.plugin_system:Skipping extension 'colcon_core.shell.bat': Not used on non-Windows systems
[1.247s] INFO:colcon.colcon_core.shell:Creating environment hook '/home/anna/ros2_ws/install/my_robot_controller/share/my_robot_controller/hook/ament_prefix_path.ps1'
[1.248s] INFO:colcon.colcon_core.shell:Creating environment descriptor '/home/anna/ros2_ws/install/my_robot_controller/share/my_robot_controller/hook/ament_prefix_path.dsv'
[1.248s] INFO:colcon.colcon_core.shell:Creating environment hook '/home/anna/ros2_ws/install/my_robot_controller/share/my_robot_controller/hook/ament_prefix_path.sh'
[1.261s] INFO:colcon.colcon_core.shell:Skip shell extension 'powershell' for command environment: Not usable outside of PowerShell
[1.262s] DEBUG:colcon.colcon_core.shell:Skip shell extension 'dsv' for command environment
[1.303s] INFO:colcon.colcon_ros.task.ament_python.build:Building ROS package in '/home/anna/ros2_ws/src/turtlebot4_space' with build type 'ament_python'
[1.304s] Level 1:colcon.colcon_core.shell:create_environment_hook('turtlebot4_space', 'ament_prefix_path')
[1.316s] INFO:colcon.colcon_core.shell:Creating environment hook '/home/anna/ros2_ws/install/turtlebot4_space/share/turtlebot4_space/hook/ament_prefix_path.ps1'
[1.316s] INFO:colcon.colcon_core.shell:Creating environment descriptor '/home/anna/ros2_ws/install/turtlebot4_space/share/turtlebot4_space/hook/ament_prefix_path.dsv'
[1.317s] INFO:colcon.colcon_core.shell:Creating environment hook '/home/anna/ros2_ws/install/turtlebot4_space/share/turtlebot4_space/hook/ament_prefix_path.sh'
[1.330s] INFO:colcon.colcon_core.shell:Skip shell extension 'powershell' for command environment: Not usable outside of PowerShell
[1.331s] DEBUG:colcon.colcon_core.shell:Skip shell extension 'dsv' for command environment
[1.637s] INFO:colcon.colcon_core.task.python.build:Building Python package in '/home/anna/ros2_ws/src/my_robot_controller'
[1.649s] INFO:colcon.colcon_core.shell:Skip shell extension 'powershell' for command environment: Not usable outside of PowerShell
[1.649s] DEBUG:colcon.colcon_core.shell:Skip shell extension 'dsv' for command environment
[1.947s] INFO:colcon.colcon_core.task.python.build:Building Python package in '/home/anna/ros2_ws/src/turtlebot4_space'
[1.962s] INFO:colcon.colcon_core.shell:Skip shell extension 'powershell' for command environment: Not usable outside of PowerShell
[1.962s] DEBUG:colcon.colcon_core.shell:Skip shell extension 'dsv' for command environment
[2.391s] DEBUG:colcon.colcon_core.event_handler.log_command:Invoking command in '/home/anna/ros2_ws/build/my_robot_controller': PYTHONPATH=/home/anna/ros2_ws/build/my_robot_controller/prefix_override:/home/anna/ros2_ws/install/my_robot_controller/lib/python3.10/site-packages:${PYTHONPATH} /usr/bin/python3 setup.py develop --editable --build-directory /home/anna/ros2_ws/build/my_robot_controller/build --no-deps install_data
[2.396s] DEBUG:colcon.colcon_core.event_handler.log_command:Invoking command in '/home/anna/ros2_ws/build/turtlebot4_space': PYTHONPATH=/home/anna/ros2_ws/build/turtlebot4_space/prefix_override:/home/anna/ros2_ws/install/turtlebot4_space/lib/python3.10/site-packages:${PYTHONPATH} /usr/bin/python3 setup.py develop --editable --build-directory /home/anna/ros2_ws/build/turtlebot4_space/build --no-deps install_data
[2.880s] Level 1:colcon.colcon_core.shell:create_environment_hook('turtlebot4_space', 'pythonpath_develop')
[2.880s] DEBUG:colcon.colcon_core.event_handler.log_command:Invoked command in '/home/anna/ros2_ws/build/turtlebot4_space' returned '0': PYTHONPATH=/home/anna/ros2_ws/build/turtlebot4_space/prefix_override:/home/anna/ros2_ws/install/turtlebot4_space/lib/python3.10/site-packages:${PYTHONPATH} /usr/bin/python3 setup.py develop --editable --build-directory /home/anna/ros2_ws/build/turtlebot4_space/build --no-deps install_data
[2.894s] INFO:colcon.colcon_core.shell:Creating environment hook '/home/anna/ros2_ws/build/turtlebot4_space/share/turtlebot4_space/hook/pythonpath_develop.ps1'
[2.894s] INFO:colcon.colcon_core.shell:Creating environment descriptor '/home/anna/ros2_ws/build/turtlebot4_space/share/turtlebot4_space/hook/pythonpath_develop.dsv'
[2.894s] INFO:colcon.colcon_core.shell:Creating environment hook '/home/anna/ros2_ws/build/turtlebot4_space/share/turtlebot4_space/hook/pythonpath_develop.sh'
[2.910s] Level 1:colcon.colcon_core.environment:checking '/home/anna/ros2_ws/install/turtlebot4_space' for CMake module files
[2.910s] Level 1:colcon.colcon_core.environment:checking '/home/anna/ros2_ws/install/turtlebot4_space' for CMake config files
[2.910s] Level 1:colcon.colcon_core.environment:checking '/home/anna/ros2_ws/install/turtlebot4_space/lib'
[2.911s] Level 1:colcon.colcon_core.environment:checking '/home/anna/ros2_ws/install/turtlebot4_space/bin'
[2.911s] Level 1:colcon.colcon_core.environment:checking '/home/anna/ros2_ws/install/turtlebot4_space/lib/pkgconfig/turtlebot4_space.pc'
[2.911s] Level 1:colcon.colcon_core.environment:checking '/home/anna/ros2_ws/install/turtlebot4_space/lib/python3.10/site-packages'
[2.911s] Level 1:colcon.colcon_core.shell:create_environment_hook('turtlebot4_space', 'pythonpath')
[2.924s] INFO:colcon.colcon_core.shell:Creating environment hook '/home/anna/ros2_ws/install/turtlebot4_space/share/turtlebot4_space/hook/pythonpath.ps1'
[2.925s] INFO:colcon.colcon_core.shell:Creating environment descriptor '/home/anna/ros2_ws/install/turtlebot4_space/share/turtlebot4_space/hook/pythonpath.dsv'
[2.925s] INFO:colcon.colcon_core.shell:Creating environment hook '/home/anna/ros2_ws/install/turtlebot4_space/share/turtlebot4_space/hook/pythonpath.sh'
[2.925s] Level 1:colcon.colcon_core.environment:checking '/home/anna/ros2_ws/install/turtlebot4_space/bin'
[2.926s] Level 1:colcon.colcon_core.environment:create_environment_scripts_only(turtlebot4_space)
[2.939s] INFO:colcon.colcon_core.shell:Creating package script '/home/anna/ros2_ws/install/turtlebot4_space/share/turtlebot4_space/package.ps1'
[2.940s] INFO:colcon.colcon_core.shell:Creating package descriptor '/home/anna/ros2_ws/install/turtlebot4_space/share/turtlebot4_space/package.dsv'
[2.941s] INFO:colcon.colcon_core.shell:Creating package script '/home/anna/ros2_ws/install/turtlebot4_space/share/turtlebot4_space/package.sh'
[2.942s] INFO:colcon.colcon_core.shell:Creating package script '/home/anna/ros2_ws/install/turtlebot4_space/share/turtlebot4_space/package.bash'
[2.943s] INFO:colcon.colcon_core.shell:Creating package script '/home/anna/ros2_ws/install/turtlebot4_space/share/turtlebot4_space/package.zsh'
[2.943s] Level 1:colcon.colcon_core.environment:create_file_with_runtime_dependencies(/home/anna/ros2_ws/install/turtlebot4_space/share/colcon-core/packages/turtlebot4_space)
[2.944s] Level 1:colcon.colcon_core.shell:create_environment_hook('my_robot_controller', 'pythonpath_develop')
[2.945s] DEBUG:colcon.colcon_core.event_handler.log_command:Invoked command in '/home/anna/ros2_ws/build/my_robot_controller' returned '0': PYTHONPATH=/home/anna/ros2_ws/build/my_robot_controller/prefix_override:/home/anna/ros2_ws/install/my_robot_controller/lib/python3.10/site-packages:${PYTHONPATH} /usr/bin/python3 setup.py develop --editable --build-directory /home/anna/ros2_ws/build/my_robot_controller/build --no-deps install_data
[2.957s] INFO:colcon.colcon_core.shell:Creating environment hook '/home/anna/ros2_ws/build/my_robot_controller/share/my_robot_controller/hook/pythonpath_develop.ps1'
[2.958s] INFO:colcon.colcon_core.shell:Creating environment descriptor '/home/anna/ros2_ws/build/my_robot_controller/share/my_robot_controller/hook/pythonpath_develop.dsv'
[2.958s] INFO:colcon.colcon_core.shell:Creating environment hook '/home/anna/ros2_ws/build/my_robot_controller/share/my_robot_controller/hook/pythonpath_develop.sh'
[2.971s] Level 1:colcon.colcon_core.environment:checking '/home/anna/ros2_ws/install/my_robot_controller' for CMake module files
[2.971s] Level 1:colcon.colcon_core.environment:checking '/home/anna/ros2_ws/install/my_robot_controller' for CMake config files
[2.972s] Level 1:colcon.colcon_core.environment:checking '/home/anna/ros2_ws/install/my_robot_controller/lib'
[2.972s] Level 1:colcon.colcon_core.environment:checking '/home/anna/ros2_ws/install/my_robot_controller/bin'
[2.972s] Level 1:colcon.colcon_core.environment:checking '/home/anna/ros2_ws/install/my_robot_controller/lib/pkgconfig/my_robot_controller.pc'
[2.972s] Level 1:colcon.colcon_core.environment:checking '/home/anna/ros2_ws/install/my_robot_controller/lib/python3.10/site-packages'
[2.972s] Level 1:colcon.colcon_core.shell:create_environment_hook('my_robot_controller', 'pythonpath')
[2.985s] INFO:colcon.colcon_core.shell:Creating environment hook '/home/anna/ros2_ws/install/my_robot_controller/share/my_robot_controller/hook/pythonpath.ps1'
[2.986s] INFO:colcon.colcon_core.shell:Creating environment descriptor '/home/anna/ros2_ws/install/my_robot_controller/share/my_robot_controller/hook/pythonpath.dsv'
[2.986s] INFO:colcon.colcon_core.shell:Creating environment hook '/home/anna/ros2_ws/install/my_robot_controller/share/my_robot_controller/hook/pythonpath.sh'
[2.987s] Level 1:colcon.colcon_core.environment:checking '/home/anna/ros2_ws/install/my_robot_controller/bin'
[2.987s] Level 1:colcon.colcon_core.environment:create_environment_scripts_only(my_robot_controller)
[3.000s] INFO:colcon.colcon_core.shell:Creating package script '/home/anna/ros2_ws/install/my_robot_controller/share/my_robot_controller/package.ps1'
[3.000s] INFO:colcon.colcon_core.shell:Creating package descriptor '/home/anna/ros2_ws/install/my_robot_controller/share/my_robot_controller/package.dsv'
[3.001s] INFO:colcon.colcon_core.shell:Creating package script '/home/anna/ros2_ws/install/my_robot_controller/share/my_robot_controller/package.sh'
[3.001s] INFO:colcon.colcon_core.shell:Creating package script '/home/anna/ros2_ws/install/my_robot_controller/share/my_robot_controller/package.bash'
[3.001s] INFO:colcon.colcon_core.shell:Creating package script '/home/anna/ros2_ws/install/my_robot_controller/share/my_robot_controller/package.zsh'
[3.001s] Level 1:colcon.colcon_core.environment:create_file_with_runtime_dependencies(/home/anna/ros2_ws/install/my_robot_controller/share/colcon-core/packages/my_robot_controller)
[3.001s] DEBUG:colcon.colcon_parallel_executor.executor.parallel:closing loop
[3.002s] DEBUG:colcon.colcon_parallel_executor.executor.parallel:loop closed
[3.002s] DEBUG:colcon.colcon_parallel_executor.executor.parallel:run_until_complete finished with '0'
[3.002s] DEBUG:colcon.colcon_core.event_reactor:joining thread
[3.022s] INFO:colcon.colcon_core.plugin_system:Skipping extension 'colcon_notification.desktop_notification.terminal_notifier': Not used on non-Darwin systems
[3.022s] INFO:colcon.colcon_core.plugin_system:Skipping extension 'colcon_notification.desktop_notification.win32': Not used on non-Windows systems
[3.023s] INFO:colcon.colcon_notification.desktop_notification:Sending desktop notification using 'notify2'
[3.033s] DEBUG:colcon.colcon_core.event_reactor:joined thread
[3.047s] INFO:colcon.colcon_core.shell:Creating prefix script '/home/anna/ros2_ws/install/local_setup.ps1'
[3.049s] INFO:colcon.colcon_core.shell:Creating prefix util module '/home/anna/ros2_ws/install/_local_setup_util_ps1.py'
[3.050s] INFO:colcon.colcon_core.shell:Creating prefix chain script '/home/anna/ros2_ws/install/setup.ps1'
[3.064s] INFO:colcon.colcon_core.shell:Creating prefix script '/home/anna/ros2_ws/install/local_setup.sh'
[3.064s] INFO:colcon.colcon_core.shell:Creating prefix util module '/home/anna/ros2_ws/install/_local_setup_util_sh.py'
[3.064s] INFO:colcon.colcon_core.shell:Creating prefix chain script '/home/anna/ros2_ws/install/setup.sh'
[3.079s] INFO:colcon.colcon_core.shell:Creating prefix script '/home/anna/ros2_ws/install/local_setup.bash'
[3.079s] INFO:colcon.colcon_core.shell:Creating prefix chain script '/home/anna/ros2_ws/install/setup.bash'
[3.093s] INFO:colcon.colcon_core.shell:Creating prefix script '/home/anna/ros2_ws/install/local_setup.zsh'
[3.094s] INFO:colcon.colcon_core.shell:Creating prefix chain script '/home/anna/ros2_ws/install/setup.zsh'
