running develop
Removing /home/anna/ros2_ws/install/turtlebot4_space/lib/python3.10/site-packages/turtlebot4-space.egg-link (link to .)
running egg_info
writing ../../build/turtlebot4_space/turtlebot4_space.egg-info/PKG-INFO
writing dependency_links to ../../build/turtlebot4_space/turtlebot4_space.egg-info/dependency_links.txt
writing entry points to ../../build/turtlebot4_space/turtlebot4_space.egg-info/entry_points.txt
writing requirements to ../../build/turtlebot4_space/turtlebot4_space.egg-info/requires.txt
writing top-level names to ../../build/turtlebot4_space/turtlebot4_space.egg-info/top_level.txt
reading manifest file '../../build/turtlebot4_space/turtlebot4_space.egg-info/SOURCES.txt'
writing manifest file '../../build/turtlebot4_space/turtlebot4_space.egg-info/SOURCES.txt'
running build
running build_py
copying turtlebot4_space/draw_square_1.py -> /home/anna/ros2_ws/build/turtlebot4_space/build/lib/turtlebot4_space
copying turtlebot4_space/draw_square.py -> /home/anna/ros2_ws/build/turtlebot4_space/build/lib/turtlebot4_space
running install
running install_lib
creating /home/anna/ros2_ws/install/turtlebot4_space/lib/python3.10/site-packages/turtlebot4_space
copying /home/anna/ros2_ws/build/turtlebot4_space/build/lib/turtlebot4_space/draw_square_1.py -> /home/anna/ros2_ws/install/turtlebot4_space/lib/python3.10/site-packages/turtlebot4_space
copying /home/anna/ros2_ws/build/turtlebot4_space/build/lib/turtlebot4_space/draw_square.py -> /home/anna/ros2_ws/install/turtlebot4_space/lib/python3.10/site-packages/turtlebot4_space
copying /home/anna/ros2_ws/build/turtlebot4_space/build/lib/turtlebot4_space/__init__.py -> /home/anna/ros2_ws/install/turtlebot4_space/lib/python3.10/site-packages/turtlebot4_space
byte-compiling /home/anna/ros2_ws/install/turtlebot4_space/lib/python3.10/site-packages/turtlebot4_space/draw_square_1.py to draw_square_1.cpython-310.pyc
byte-compiling /home/anna/ros2_ws/install/turtlebot4_space/lib/python3.10/site-packages/turtlebot4_space/draw_square.py to draw_square.cpython-310.pyc
byte-compiling /home/anna/ros2_ws/install/turtlebot4_space/lib/python3.10/site-packages/turtlebot4_space/__init__.py to __init__.cpython-310.pyc
running install_data
copying package.xml -> /home/anna/ros2_ws/install/turtlebot4_space/share/turtlebot4_space
running install_egg_info
Copying ../../build/turtlebot4_space/turtlebot4_space.egg-info to /home/anna/ros2_ws/install/turtlebot4_space/lib/python3.10/site-packages/turtlebot4_space-0.0.0-py3.10.egg-info
running install_scripts
Installing draw_square script to /home/anna/ros2_ws/install/turtlebot4_space/lib/turtlebot4_space
Installing draw_square_1 script to /home/anna/ros2_ws/install/turtlebot4_space/lib/turtlebot4_space
writing list of installed files to '/home/anna/ros2_ws/build/turtlebot4_space/install.log'
