[1.444s] Invoking command in '/home/anna/ros2_ws/build/turtlebot4_space': PYTHONPATH=/home/anna/ros2_ws/build/turtlebot4_space/prefix_override:/home/anna/ros2_ws/install/turtlebot4_space/lib/python3.10/site-packages:${PYTHONPATH} /usr/bin/python3 setup.py develop --uninstall --editable --build-directory /home/anna/ros2_ws/build/turtlebot4_space/build
[1.676s] running develop
[1.825s] Removing /home/anna/ros2_ws/install/turtlebot4_space/lib/python3.10/site-packages/turtlebot4-space.egg-link (link to .)
[1.861s] Invoked command in '/home/anna/ros2_ws/build/turtlebot4_space' returned '0': PYTHONPATH=/home/anna/ros2_ws/build/turtlebot4_space/prefix_override:/home/anna/ros2_ws/install/turtlebot4_space/lib/python3.10/site-packages:${PYTHONPATH} /usr/bin/python3 setup.py develop --uninstall --editable --build-directory /home/anna/ros2_ws/build/turtlebot4_space/build
[1.863s] Invoking command in '/home/anna/ros2_ws/src/turtlebot4_space': PYTHONPATH=/home/anna/ros2_ws/build/turtlebot4_space/prefix_override:/home/anna/ros2_ws/install/turtlebot4_space/lib/python3.10/site-packages:${PYTHONPATH} /usr/bin/python3 setup.py egg_info --egg-base ../../build/turtlebot4_space build --build-base /home/anna/ros2_ws/build/turtlebot4_space/build install --record /home/anna/ros2_ws/build/turtlebot4_space/install.log --single-version-externally-managed
[2.065s] running egg_info
[2.066s] writing ../../build/turtlebot4_space/turtlebot4_space.egg-info/PKG-INFO
[2.066s] writing dependency_links to ../../build/turtlebot4_space/turtlebot4_space.egg-info/dependency_links.txt
[2.066s] writing entry points to ../../build/turtlebot4_space/turtlebot4_space.egg-info/entry_points.txt
[2.066s] writing requirements to ../../build/turtlebot4_space/turtlebot4_space.egg-info/requires.txt
[2.066s] writing top-level names to ../../build/turtlebot4_space/turtlebot4_space.egg-info/top_level.txt
[2.068s] reading manifest file '../../build/turtlebot4_space/turtlebot4_space.egg-info/SOURCES.txt'
[2.069s] writing manifest file '../../build/turtlebot4_space/turtlebot4_space.egg-info/SOURCES.txt'
[2.069s] running build
[2.069s] running build_py
[2.070s] copying turtlebot4_space/draw_square_1.py -> /home/anna/ros2_ws/build/turtlebot4_space/build/lib/turtlebot4_space
[2.070s] copying turtlebot4_space/draw_square.py -> /home/anna/ros2_ws/build/turtlebot4_space/build/lib/turtlebot4_space
[2.071s] running install
[2.071s] running install_lib
[2.072s] creating /home/anna/ros2_ws/install/turtlebot4_space/lib/python3.10/site-packages/turtlebot4_space
[2.072s] copying /home/anna/ros2_ws/build/turtlebot4_space/build/lib/turtlebot4_space/draw_square_1.py -> /home/anna/ros2_ws/install/turtlebot4_space/lib/python3.10/site-packages/turtlebot4_space
[2.072s] copying /home/anna/ros2_ws/build/turtlebot4_space/build/lib/turtlebot4_space/draw_square.py -> /home/anna/ros2_ws/install/turtlebot4_space/lib/python3.10/site-packages/turtlebot4_space
[2.072s] copying /home/anna/ros2_ws/build/turtlebot4_space/build/lib/turtlebot4_space/__init__.py -> /home/anna/ros2_ws/install/turtlebot4_space/lib/python3.10/site-packages/turtlebot4_space
[2.072s] byte-compiling /home/anna/ros2_ws/install/turtlebot4_space/lib/python3.10/site-packages/turtlebot4_space/draw_square_1.py to draw_square_1.cpython-310.pyc
[2.073s] byte-compiling /home/anna/ros2_ws/install/turtlebot4_space/lib/python3.10/site-packages/turtlebot4_space/draw_square.py to draw_square.cpython-310.pyc
[2.073s] byte-compiling /home/anna/ros2_ws/install/turtlebot4_space/lib/python3.10/site-packages/turtlebot4_space/__init__.py to __init__.cpython-310.pyc
[2.073s] running install_data
[2.074s] copying package.xml -> /home/anna/ros2_ws/install/turtlebot4_space/share/turtlebot4_space
[2.074s] running install_egg_info
[2.075s] Copying ../../build/turtlebot4_space/turtlebot4_space.egg-info to /home/anna/ros2_ws/install/turtlebot4_space/lib/python3.10/site-packages/turtlebot4_space-0.0.0-py3.10.egg-info
[2.076s] running install_scripts
[2.091s] Installing draw_square script to /home/anna/ros2_ws/install/turtlebot4_space/lib/turtlebot4_space
[2.092s] Installing draw_square_1 script to /home/anna/ros2_ws/install/turtlebot4_space/lib/turtlebot4_space
[2.092s] writing list of installed files to '/home/anna/ros2_ws/build/turtlebot4_space/install.log'
[2.122s] Invoked command in '/home/anna/ros2_ws/src/turtlebot4_space' returned '0': PYTHONPATH=/home/anna/ros2_ws/build/turtlebot4_space/prefix_override:/home/anna/ros2_ws/install/turtlebot4_space/lib/python3.10/site-packages:${PYTHONPATH} /usr/bin/python3 setup.py egg_info --egg-base ../../build/turtlebot4_space build --build-base /home/anna/ros2_ws/build/turtlebot4_space/build install --record /home/anna/ros2_ws/build/turtlebot4_space/install.log --single-version-externally-managed
