[0.882s] DEBUG:colcon:Command line arguments: ['/usr/bin/colcon', 'build']
[0.883s] DEBUG:colcon:Parsed command line arguments: Namespace(log_base=None, log_level=None, verb_name='build', build_base='build', install_base='install', merge_install=False, symlink_install=False, test_result_base=None, continue_on_error=False, executor='parallel', parallel_workers=16, event_handlers=None, ignore_user_meta=False, metas=['./colcon.meta'], base_paths=['.'], packages_ignore=None, packages_ignore_regex=None, paths=None, packages_up_to=None, packages_up_to_regex=None, packages_above=None, packages_above_and_dependencies=None, packages_above_depth=None, packages_select_by_dep=None, packages_skip_by_dep=None, packages_skip_up_to=None, packages_select_build_failed=False, packages_skip_build_finished=False, packages_select_test_failures=False, packages_skip_test_passed=False, packages_select=None, packages_skip=None, packages_select_regex=None, packages_skip_regex=None, packages_start=None, packages_end=None, allow_overriding=[], cmake_args=None, cmake_target=None, cmake_target_skip_unavailable=False, cmake_clean_cache=False, cmake_clean_first=False, cmake_force_configure=False, ament_cmake_args=None, catkin_cmake_args=None, catkin_skip_building_tests=False, verb_parser=<colcon_defaults.argument_parser.defaults.DefaultArgumentsDecorator object at 0x7fe36b178430>, verb_extension=<colcon_core.verb.build.BuildVerb object at 0x7fe36b179000>, main=<bound method BuildVerb.main of <colcon_core.verb.build.BuildVerb object at 0x7fe36b179000>>)
[0.922s] Level 1:colcon.colcon_core.package_discovery:discover_packages(colcon_meta) check parameters
[0.922s] Level 1:colcon.colcon_core.package_discovery:discover_packages(recursive) check parameters
[0.922s] Level 1:colcon.colcon_core.package_discovery:discover_packages(ignore) check parameters
[0.922s] Level 1:colcon.colcon_core.package_discovery:discover_packages(path) check parameters
[0.922s] Level 1:colcon.colcon_core.package_discovery:discover_packages(colcon_meta) discover
[0.922s] Level 1:colcon.colcon_core.package_discovery:discover_packages(recursive) discover
[0.922s] INFO:colcon.colcon_core.package_discovery:Crawling recursively for packages in '/home/anna/ros2_ws'
[0.922s] Level 1:colcon.colcon_core.package_identification:_identify(.) by extensions ['ignore', 'ignore_ament_install']
[0.923s] Level 1:colcon.colcon_core.package_identification:_identify(.) by extension 'ignore'
[0.923s] Level 1:colcon.colcon_core.package_identification:_identify(.) by extension 'ignore_ament_install'
[0.923s] Level 1:colcon.colcon_core.package_identification:_identify(.) by extensions ['colcon_pkg']
[0.923s] Level 1:colcon.colcon_core.package_identification:_identify(.) by extension 'colcon_pkg'
[0.923s] Level 1:colcon.colcon_core.package_identification:_identify(.) by extensions ['colcon_meta']
[0.923s] Level 1:colcon.colcon_core.package_identification:_identify(.) by extension 'colcon_meta'
[0.923s] Level 1:colcon.colcon_core.package_identification:_identify(.) by extensions ['ros']
[0.923s] Level 1:colcon.colcon_core.package_identification:_identify(.) by extension 'ros'
[0.933s] Level 1:colcon.colcon_core.package_identification:_identify(.) by extensions ['cmake', 'python']
[0.933s] Level 1:colcon.colcon_core.package_identification:_identify(.) by extension 'cmake'
[0.933s] Level 1:colcon.colcon_core.package_identification:_identify(.) by extension 'python'
[0.933s] Level 1:colcon.colcon_core.package_identification:_identify(.) by extensions ['python_setup_py']
[0.933s] Level 1:colcon.colcon_core.package_identification:_identify(.) by extension 'python_setup_py'
[0.933s] Level 1:colcon.colcon_core.package_identification:_identify(build) by extensions ['ignore', 'ignore_ament_install']
[0.933s] Level 1:colcon.colcon_core.package_identification:_identify(build) by extension 'ignore'
[0.933s] Level 1:colcon.colcon_core.package_identification:_identify(build) ignored
[0.933s] Level 1:colcon.colcon_core.package_identification:_identify(install) by extensions ['ignore', 'ignore_ament_install']
[0.933s] Level 1:colcon.colcon_core.package_identification:_identify(install) by extension 'ignore'
[0.933s] Level 1:colcon.colcon_core.package_identification:_identify(install) ignored
[0.933s] Level 1:colcon.colcon_core.package_identification:_identify(log) by extensions ['ignore', 'ignore_ament_install']
[0.933s] Level 1:colcon.colcon_core.package_identification:_identify(log) by extension 'ignore'
[0.934s] Level 1:colcon.colcon_core.package_identification:_identify(log) ignored
[0.934s] Level 1:colcon.colcon_core.package_identification:_identify(src) by extensions ['ignore', 'ignore_ament_install']
[0.934s] Level 1:colcon.colcon_core.package_identification:_identify(src) by extension 'ignore'
[0.934s] Level 1:colcon.colcon_core.package_identification:_identify(src) by extension 'ignore_ament_install'
[0.934s] Level 1:colcon.colcon_core.package_identification:_identify(src) by extensions ['colcon_pkg']
[0.934s] Level 1:colcon.colcon_core.package_identification:_identify(src) by extension 'colcon_pkg'
[0.934s] Level 1:colcon.colcon_core.package_identification:_identify(src) by extensions ['colcon_meta']
[0.934s] Level 1:colcon.colcon_core.package_identification:_identify(src) by extension 'colcon_meta'
[0.934s] Level 1:colcon.colcon_core.package_identification:_identify(src) by extensions ['ros']
[0.934s] Level 1:colcon.colcon_core.package_identification:_identify(src) by extension 'ros'
[0.934s] Level 1:colcon.colcon_core.package_identification:_identify(src) by extensions ['cmake', 'python']
[0.934s] Level 1:colcon.colcon_core.package_identification:_identify(src) by extension 'cmake'
[0.934s] Level 1:colcon.colcon_core.package_identification:_identify(src) by extension 'python'
[0.934s] Level 1:colcon.colcon_core.package_identification:_identify(src) by extensions ['python_setup_py']
[0.934s] Level 1:colcon.colcon_core.package_identification:_identify(src) by extension 'python_setup_py'
[0.934s] Level 1:colcon.colcon_core.package_identification:_identify(src/my_robot_controller) by extensions ['ignore', 'ignore_ament_install']
[0.934s] Level 1:colcon.colcon_core.package_identification:_identify(src/my_robot_controller) by extension 'ignore'
[0.934s] Level 1:colcon.colcon_core.package_identification:_identify(src/my_robot_controller) by extension 'ignore_ament_install'
[0.934s] Level 1:colcon.colcon_core.package_identification:_identify(src/my_robot_controller) by extensions ['colcon_pkg']
[0.934s] Level 1:colcon.colcon_core.package_identification:_identify(src/my_robot_controller) by extension 'colcon_pkg'
[0.934s] Level 1:colcon.colcon_core.package_identification:_identify(src/my_robot_controller) by extensions ['colcon_meta']
[0.934s] Level 1:colcon.colcon_core.package_identification:_identify(src/my_robot_controller) by extension 'colcon_meta'
[0.934s] Level 1:colcon.colcon_core.package_identification:_identify(src/my_robot_controller) by extensions ['ros']
[0.934s] Level 1:colcon.colcon_core.package_identification:_identify(src/my_robot_controller) by extension 'ros'
[0.937s] DEBUG:colcon.colcon_core.package_identification:Package 'src/my_robot_controller' with type 'ros.ament_python' and name 'my_robot_controller'
[0.937s] Level 1:colcon.colcon_core.package_identification:_identify(src/nav_in_lab) by extensions ['ignore', 'ignore_ament_install']
[0.937s] Level 1:colcon.colcon_core.package_identification:_identify(src/nav_in_lab) by extension 'ignore'
[0.937s] Level 1:colcon.colcon_core.package_identification:_identify(src/nav_in_lab) by extension 'ignore_ament_install'
[0.937s] Level 1:colcon.colcon_core.package_identification:_identify(src/nav_in_lab) by extensions ['colcon_pkg']
[0.937s] Level 1:colcon.colcon_core.package_identification:_identify(src/nav_in_lab) by extension 'colcon_pkg'
[0.937s] Level 1:colcon.colcon_core.package_identification:_identify(src/nav_in_lab) by extensions ['colcon_meta']
[0.937s] Level 1:colcon.colcon_core.package_identification:_identify(src/nav_in_lab) by extension 'colcon_meta'
[0.937s] Level 1:colcon.colcon_core.package_identification:_identify(src/nav_in_lab) by extensions ['ros']
[0.937s] Level 1:colcon.colcon_core.package_identification:_identify(src/nav_in_lab) by extension 'ros'
[0.937s] DEBUG:colcon.colcon_core.package_identification:Package 'src/nav_in_lab' with type 'ros.ament_python' and name 'nav_in_lab'
[0.938s] Level 1:colcon.colcon_core.package_identification:_identify(src/turtlebot4_space) by extensions ['ignore', 'ignore_ament_install']
[0.938s] Level 1:colcon.colcon_core.package_identification:_identify(src/turtlebot4_space) by extension 'ignore'
[0.938s] Level 1:colcon.colcon_core.package_identification:_identify(src/turtlebot4_space) by extension 'ignore_ament_install'
[0.938s] Level 1:colcon.colcon_core.package_identification:_identify(src/turtlebot4_space) by extensions ['colcon_pkg']
[0.938s] Level 1:colcon.colcon_core.package_identification:_identify(src/turtlebot4_space) by extension 'colcon_pkg'
[0.938s] Level 1:colcon.colcon_core.package_identification:_identify(src/turtlebot4_space) by extensions ['colcon_meta']
[0.938s] Level 1:colcon.colcon_core.package_identification:_identify(src/turtlebot4_space) by extension 'colcon_meta'
[0.938s] Level 1:colcon.colcon_core.package_identification:_identify(src/turtlebot4_space) by extensions ['ros']
[0.938s] Level 1:colcon.colcon_core.package_identification:_identify(src/turtlebot4_space) by extension 'ros'
[0.938s] DEBUG:colcon.colcon_core.package_identification:Package 'src/turtlebot4_space' with type 'ros.ament_python' and name 'turtlebot4_space'
[0.938s] Level 1:colcon.colcon_core.package_discovery:discover_packages(recursive) using defaults
[0.938s] Level 1:colcon.colcon_core.package_discovery:discover_packages(ignore) discover
[0.938s] Level 1:colcon.colcon_core.package_discovery:discover_packages(ignore) using defaults
[0.938s] Level 1:colcon.colcon_core.package_discovery:discover_packages(path) discover
[0.938s] Level 1:colcon.colcon_core.package_discovery:discover_packages(path) using defaults
[1.017s] Level 1:colcon.colcon_core.package_discovery:discover_packages(prefix_path) check parameters
[1.017s] Level 1:colcon.colcon_core.package_discovery:discover_packages(prefix_path) discover
[1.043s] DEBUG:colcon.colcon_installed_package_information.package_discovery:Found 3 installed packages in /home/anna/ros2_ws/install
[1.076s] DEBUG:colcon.colcon_installed_package_information.package_discovery:Found 450 installed packages in /opt/ros/humble
[1.077s] Level 1:colcon.colcon_core.package_discovery:discover_packages(prefix_path) using defaults
[1.169s] Level 5:colcon.colcon_core.verb:set package 'my_robot_controller' build argument 'cmake_args' from command line to 'None'
[1.169s] Level 5:colcon.colcon_core.verb:set package 'my_robot_controller' build argument 'cmake_target' from command line to 'None'
[1.169s] Level 5:colcon.colcon_core.verb:set package 'my_robot_controller' build argument 'cmake_target_skip_unavailable' from command line to 'False'
[1.169s] Level 5:colcon.colcon_core.verb:set package 'my_robot_controller' build argument 'cmake_clean_cache' from command line to 'False'
[1.169s] Level 5:colcon.colcon_core.verb:set package 'my_robot_controller' build argument 'cmake_clean_first' from command line to 'False'
[1.169s] Level 5:colcon.colcon_core.verb:set package 'my_robot_controller' build argument 'cmake_force_configure' from command line to 'False'
[1.169s] Level 5:colcon.colcon_core.verb:set package 'my_robot_controller' build argument 'ament_cmake_args' from command line to 'None'
[1.169s] Level 5:colcon.colcon_core.verb:set package 'my_robot_controller' build argument 'catkin_cmake_args' from command line to 'None'
[1.169s] Level 5:colcon.colcon_core.verb:set package 'my_robot_controller' build argument 'catkin_skip_building_tests' from command line to 'False'
[1.169s] DEBUG:colcon.colcon_core.verb:Building package 'my_robot_controller' with the following arguments: {'ament_cmake_args': None, 'build_base': '/home/anna/ros2_ws/build/my_robot_controller', 'catkin_cmake_args': None, 'catkin_skip_building_tests': False, 'cmake_args': None, 'cmake_clean_cache': False, 'cmake_clean_first': False, 'cmake_force_configure': False, 'cmake_target': None, 'cmake_target_skip_unavailable': False, 'install_base': '/home/anna/ros2_ws/install/my_robot_controller', 'merge_install': False, 'path': '/home/anna/ros2_ws/src/my_robot_controller', 'symlink_install': False, 'test_result_base': None}
[1.182s] Level 5:colcon.colcon_core.verb:set package 'nav_in_lab' build argument 'cmake_args' from command line to 'None'
[1.182s] Level 5:colcon.colcon_core.verb:set package 'nav_in_lab' build argument 'cmake_target' from command line to 'None'
[1.182s] Level 5:colcon.colcon_core.verb:set package 'nav_in_lab' build argument 'cmake_target_skip_unavailable' from command line to 'False'
[1.182s] Level 5:colcon.colcon_core.verb:set package 'nav_in_lab' build argument 'cmake_clean_cache' from command line to 'False'
[1.182s] Level 5:colcon.colcon_core.verb:set package 'nav_in_lab' build argument 'cmake_clean_first' from command line to 'False'
[1.182s] Level 5:colcon.colcon_core.verb:set package 'nav_in_lab' build argument 'cmake_force_configure' from command line to 'False'
[1.182s] Level 5:colcon.colcon_core.verb:set package 'nav_in_lab' build argument 'ament_cmake_args' from command line to 'None'
[1.182s] Level 5:colcon.colcon_core.verb:set package 'nav_in_lab' build argument 'catkin_cmake_args' from command line to 'None'
[1.182s] Level 5:colcon.colcon_core.verb:set package 'nav_in_lab' build argument 'catkin_skip_building_tests' from command line to 'False'
[1.182s] DEBUG:colcon.colcon_core.verb:Building package 'nav_in_lab' with the following arguments: {'ament_cmake_args': None, 'build_base': '/home/anna/ros2_ws/build/nav_in_lab', 'catkin_cmake_args': None, 'catkin_skip_building_tests': False, 'cmake_args': None, 'cmake_clean_cache': False, 'cmake_clean_first': False, 'cmake_force_configure': False, 'cmake_target': None, 'cmake_target_skip_unavailable': False, 'install_base': '/home/anna/ros2_ws/install/nav_in_lab', 'merge_install': False, 'path': '/home/anna/ros2_ws/src/nav_in_lab', 'symlink_install': False, 'test_result_base': None}
[1.195s] Level 5:colcon.colcon_core.verb:set package 'turtlebot4_space' build argument 'cmake_args' from command line to 'None'
[1.195s] Level 5:colcon.colcon_core.verb:set package 'turtlebot4_space' build argument 'cmake_target' from command line to 'None'
[1.195s] Level 5:colcon.colcon_core.verb:set package 'turtlebot4_space' build argument 'cmake_target_skip_unavailable' from command line to 'False'
[1.195s] Level 5:colcon.colcon_core.verb:set package 'turtlebot4_space' build argument 'cmake_clean_cache' from command line to 'False'
[1.195s] Level 5:colcon.colcon_core.verb:set package 'turtlebot4_space' build argument 'cmake_clean_first' from command line to 'False'
[1.195s] Level 5:colcon.colcon_core.verb:set package 'turtlebot4_space' build argument 'cmake_force_configure' from command line to 'False'
[1.195s] Level 5:colcon.colcon_core.verb:set package 'turtlebot4_space' build argument 'ament_cmake_args' from command line to 'None'
[1.195s] Level 5:colcon.colcon_core.verb:set package 'turtlebot4_space' build argument 'catkin_cmake_args' from command line to 'None'
[1.195s] Level 5:colcon.colcon_core.verb:set package 'turtlebot4_space' build argument 'catkin_skip_building_tests' from command line to 'False'
[1.195s] DEBUG:colcon.colcon_core.verb:Building package 'turtlebot4_space' with the following arguments: {'ament_cmake_args': None, 'build_base': '/home/anna/ros2_ws/build/turtlebot4_space', 'catkin_cmake_args': None, 'catkin_skip_building_tests': False, 'cmake_args': None, 'cmake_clean_cache': False, 'cmake_clean_first': False, 'cmake_force_configure': False, 'cmake_target': None, 'cmake_target_skip_unavailable': False, 'install_base': '/home/anna/ros2_ws/install/turtlebot4_space', 'merge_install': False, 'path': '/home/anna/ros2_ws/src/turtlebot4_space', 'symlink_install': False, 'test_result_base': None}
[1.208s] INFO:colcon.colcon_core.executor:Executing jobs using 'parallel' executor
[1.222s] DEBUG:colcon.colcon_parallel_executor.executor.parallel:run_until_complete
[1.222s] INFO:colcon.colcon_ros.task.ament_python.build:Building ROS package in '/home/anna/ros2_ws/src/my_robot_controller' with build type 'ament_python'
[1.222s] Level 1:colcon.colcon_core.shell:create_environment_hook('my_robot_controller', 'ament_prefix_path')
[1.237s] INFO:colcon.colcon_core.plugin_system:Skipping extension 'colcon_core.shell.bat': Not used on non-Windows systems
[1.237s] INFO:colcon.colcon_core.shell:Creating environment hook '/home/anna/ros2_ws/install/my_robot_controller/share/my_robot_controller/hook/ament_prefix_path.ps1'
[1.238s] INFO:colcon.colcon_core.shell:Creating environment descriptor '/home/anna/ros2_ws/install/my_robot_controller/share/my_robot_controller/hook/ament_prefix_path.dsv'
[1.238s] INFO:colcon.colcon_core.shell:Creating environment hook '/home/anna/ros2_ws/install/my_robot_controller/share/my_robot_controller/hook/ament_prefix_path.sh'
[1.251s] INFO:colcon.colcon_core.shell:Skip shell extension 'powershell' for command environment: Not usable outside of PowerShell
[1.251s] DEBUG:colcon.colcon_core.shell:Skip shell extension 'dsv' for command environment
[1.293s] INFO:colcon.colcon_ros.task.ament_python.build:Building ROS package in '/home/anna/ros2_ws/src/nav_in_lab' with build type 'ament_python'
[1.293s] Level 1:colcon.colcon_core.shell:create_environment_hook('nav_in_lab', 'ament_prefix_path')
[1.307s] INFO:colcon.colcon_core.shell:Creating environment hook '/home/anna/ros2_ws/install/nav_in_lab/share/nav_in_lab/hook/ament_prefix_path.ps1'
[1.308s] INFO:colcon.colcon_core.shell:Creating environment descriptor '/home/anna/ros2_ws/install/nav_in_lab/share/nav_in_lab/hook/ament_prefix_path.dsv'
[1.308s] INFO:colcon.colcon_core.shell:Creating environment hook '/home/anna/ros2_ws/install/nav_in_lab/share/nav_in_lab/hook/ament_prefix_path.sh'
[1.321s] INFO:colcon.colcon_core.shell:Skip shell extension 'powershell' for command environment: Not usable outside of PowerShell
[1.321s] DEBUG:colcon.colcon_core.shell:Skip shell extension 'dsv' for command environment
[1.363s] INFO:colcon.colcon_ros.task.ament_python.build:Building ROS package in '/home/anna/ros2_ws/src/turtlebot4_space' with build type 'ament_python'
[1.363s] Level 1:colcon.colcon_core.shell:create_environment_hook('turtlebot4_space', 'ament_prefix_path')
[1.377s] INFO:colcon.colcon_core.shell:Creating environment hook '/home/anna/ros2_ws/install/turtlebot4_space/share/turtlebot4_space/hook/ament_prefix_path.ps1'
[1.377s] INFO:colcon.colcon_core.shell:Creating environment descriptor '/home/anna/ros2_ws/install/turtlebot4_space/share/turtlebot4_space/hook/ament_prefix_path.dsv'
[1.377s] INFO:colcon.colcon_core.shell:Creating environment hook '/home/anna/ros2_ws/install/turtlebot4_space/share/turtlebot4_space/hook/ament_prefix_path.sh'
[1.391s] INFO:colcon.colcon_core.shell:Skip shell extension 'powershell' for command environment: Not usable outside of PowerShell
[1.391s] DEBUG:colcon.colcon_core.shell:Skip shell extension 'dsv' for command environment
[1.674s] INFO:colcon.colcon_core.task.python.build:Building Python package in '/home/anna/ros2_ws/src/my_robot_controller'
[1.688s] INFO:colcon.colcon_core.shell:Skip shell extension 'powershell' for command environment: Not usable outside of PowerShell
[1.688s] DEBUG:colcon.colcon_core.shell:Skip shell extension 'dsv' for command environment
[1.972s] INFO:colcon.colcon_core.task.python.build:Building Python package in '/home/anna/ros2_ws/src/nav_in_lab'
[1.986s] INFO:colcon.colcon_core.shell:Skip shell extension 'powershell' for command environment: Not usable outside of PowerShell
[1.986s] DEBUG:colcon.colcon_core.shell:Skip shell extension 'dsv' for command environment
[2.271s] INFO:colcon.colcon_core.task.python.build:Building Python package in '/home/anna/ros2_ws/src/turtlebot4_space'
[2.285s] INFO:colcon.colcon_core.shell:Skip shell extension 'powershell' for command environment: Not usable outside of PowerShell
[2.285s] DEBUG:colcon.colcon_core.shell:Skip shell extension 'dsv' for command environment
[2.694s] DEBUG:colcon.colcon_core.event_handler.log_command:Invoking command in '/home/anna/ros2_ws/build/my_robot_controller': PYTHONPATH=/home/anna/ros2_ws/build/my_robot_controller/prefix_override:/home/anna/ros2_ws/install/my_robot_controller/lib/python3.10/site-packages:${PYTHONPATH} /usr/bin/python3 setup.py develop --uninstall --editable --build-directory /home/anna/ros2_ws/build/my_robot_controller/build
[2.749s] DEBUG:colcon.colcon_core.event_handler.log_command:Invoking command in '/home/anna/ros2_ws/build/nav_in_lab': PYTHONPATH=/home/anna/ros2_ws/build/nav_in_lab/prefix_override:/home/anna/ros2_ws/install/nav_in_lab/lib/python3.10/site-packages:${PYTHONPATH} /usr/bin/python3 setup.py develop --uninstall --editable --build-directory /home/anna/ros2_ws/build/nav_in_lab/build
[2.750s] DEBUG:colcon.colcon_core.event_handler.log_command:Invoking command in '/home/anna/ros2_ws/build/turtlebot4_space': PYTHONPATH=/home/anna/ros2_ws/build/turtlebot4_space/prefix_override:/home/anna/ros2_ws/install/turtlebot4_space/lib/python3.10/site-packages:${PYTHONPATH} /usr/bin/python3 setup.py develop --uninstall --editable --build-directory /home/anna/ros2_ws/build/turtlebot4_space/build
[3.121s] DEBUG:colcon.colcon_core.event_handler.log_command:Invoked command in '/home/anna/ros2_ws/build/my_robot_controller' returned '0': PYTHONPATH=/home/anna/ros2_ws/build/my_robot_controller/prefix_override:/home/anna/ros2_ws/install/my_robot_controller/lib/python3.10/site-packages:${PYTHONPATH} /usr/bin/python3 setup.py develop --uninstall --editable --build-directory /home/anna/ros2_ws/build/my_robot_controller/build
[3.124s] DEBUG:colcon.colcon_core.event_handler.log_command:Invoking command in '/home/anna/ros2_ws/src/my_robot_controller': PYTHONPATH=/home/anna/ros2_ws/build/my_robot_controller/prefix_override:/home/anna/ros2_ws/install/my_robot_controller/lib/python3.10/site-packages:${PYTHONPATH} /usr/bin/python3 setup.py egg_info --egg-base ../../build/my_robot_controller build --build-base /home/anna/ros2_ws/build/my_robot_controller/build install --record /home/anna/ros2_ws/build/my_robot_controller/install.log --single-version-externally-managed
[3.198s] DEBUG:colcon.colcon_core.event_handler.log_command:Invoked command in '/home/anna/ros2_ws/build/nav_in_lab' returned '0': PYTHONPATH=/home/anna/ros2_ws/build/nav_in_lab/prefix_override:/home/anna/ros2_ws/install/nav_in_lab/lib/python3.10/site-packages:${PYTHONPATH} /usr/bin/python3 setup.py develop --uninstall --editable --build-directory /home/anna/ros2_ws/build/nav_in_lab/build
[3.200s] DEBUG:colcon.colcon_core.event_handler.log_command:Invoking command in '/home/anna/ros2_ws/src/nav_in_lab': PYTHONPATH=/home/anna/ros2_ws/build/nav_in_lab/prefix_override:/home/anna/ros2_ws/install/nav_in_lab/lib/python3.10/site-packages:${PYTHONPATH} /usr/bin/python3 setup.py egg_info --egg-base ../../build/nav_in_lab build --build-base /home/anna/ros2_ws/build/nav_in_lab/build install --record /home/anna/ros2_ws/build/nav_in_lab/install.log --single-version-externally-managed
[3.202s] DEBUG:colcon.colcon_core.event_handler.log_command:Invoked command in '/home/anna/ros2_ws/build/turtlebot4_space' returned '0': PYTHONPATH=/home/anna/ros2_ws/build/turtlebot4_space/prefix_override:/home/anna/ros2_ws/install/turtlebot4_space/lib/python3.10/site-packages:${PYTHONPATH} /usr/bin/python3 setup.py develop --uninstall --editable --build-directory /home/anna/ros2_ws/build/turtlebot4_space/build
[3.204s] DEBUG:colcon.colcon_core.event_handler.log_command:Invoking command in '/home/anna/ros2_ws/src/turtlebot4_space': PYTHONPATH=/home/anna/ros2_ws/build/turtlebot4_space/prefix_override:/home/anna/ros2_ws/install/turtlebot4_space/lib/python3.10/site-packages:${PYTHONPATH} /usr/bin/python3 setup.py egg_info --egg-base ../../build/turtlebot4_space build --build-base /home/anna/ros2_ws/build/turtlebot4_space/build install --record /home/anna/ros2_ws/build/turtlebot4_space/install.log --single-version-externally-managed
[3.394s] DEBUG:colcon.colcon_core.event_handler.log_command:Invoked command in '/home/anna/ros2_ws/src/my_robot_controller' returned '0': PYTHONPATH=/home/anna/ros2_ws/build/my_robot_controller/prefix_override:/home/anna/ros2_ws/install/my_robot_controller/lib/python3.10/site-packages:${PYTHONPATH} /usr/bin/python3 setup.py egg_info --egg-base ../../build/my_robot_controller build --build-base /home/anna/ros2_ws/build/my_robot_controller/build install --record /home/anna/ros2_ws/build/my_robot_controller/install.log --single-version-externally-managed
[3.449s] Level 1:colcon.colcon_core.environment:checking '/home/anna/ros2_ws/install/my_robot_controller' for CMake module files
[3.450s] Level 1:colcon.colcon_core.environment:checking '/home/anna/ros2_ws/install/my_robot_controller' for CMake config files
[3.453s] Level 1:colcon.colcon_core.environment:checking '/home/anna/ros2_ws/install/my_robot_controller/lib'
[3.453s] Level 1:colcon.colcon_core.environment:checking '/home/anna/ros2_ws/install/my_robot_controller/bin'
[3.453s] Level 1:colcon.colcon_core.environment:checking '/home/anna/ros2_ws/install/my_robot_controller/lib/pkgconfig/my_robot_controller.pc'
[3.454s] Level 1:colcon.colcon_core.environment:checking '/home/anna/ros2_ws/install/my_robot_controller/lib/python3.10/site-packages'
[3.454s] Level 1:colcon.colcon_core.shell:create_environment_hook('my_robot_controller', 'pythonpath')
[3.477s] INFO:colcon.colcon_core.shell:Creating environment hook '/home/anna/ros2_ws/install/my_robot_controller/share/my_robot_controller/hook/pythonpath.ps1'
[3.477s] INFO:colcon.colcon_core.shell:Creating environment descriptor '/home/anna/ros2_ws/install/my_robot_controller/share/my_robot_controller/hook/pythonpath.dsv'
[3.477s] INFO:colcon.colcon_core.shell:Creating environment hook '/home/anna/ros2_ws/install/my_robot_controller/share/my_robot_controller/hook/pythonpath.sh'
[3.478s] Level 1:colcon.colcon_core.environment:checking '/home/anna/ros2_ws/install/my_robot_controller/bin'
[3.478s] Level 1:colcon.colcon_core.environment:create_environment_scripts_only(my_robot_controller)
[3.490s] INFO:colcon.colcon_core.shell:Creating package script '/home/anna/ros2_ws/install/my_robot_controller/share/my_robot_controller/package.ps1'
[3.491s] INFO:colcon.colcon_core.shell:Creating package descriptor '/home/anna/ros2_ws/install/my_robot_controller/share/my_robot_controller/package.dsv'
[3.491s] INFO:colcon.colcon_core.shell:Creating package script '/home/anna/ros2_ws/install/my_robot_controller/share/my_robot_controller/package.sh'
[3.492s] INFO:colcon.colcon_core.shell:Creating package script '/home/anna/ros2_ws/install/my_robot_controller/share/my_robot_controller/package.bash'
[3.492s] INFO:colcon.colcon_core.shell:Creating package script '/home/anna/ros2_ws/install/my_robot_controller/share/my_robot_controller/package.zsh'
[3.493s] Level 1:colcon.colcon_core.environment:create_file_with_runtime_dependencies(/home/anna/ros2_ws/install/my_robot_controller/share/colcon-core/packages/my_robot_controller)
[3.495s] DEBUG:colcon.colcon_core.event_handler.log_command:Invoked command in '/home/anna/ros2_ws/src/nav_in_lab' returned '0': PYTHONPATH=/home/anna/ros2_ws/build/nav_in_lab/prefix_override:/home/anna/ros2_ws/install/nav_in_lab/lib/python3.10/site-packages:${PYTHONPATH} /usr/bin/python3 setup.py egg_info --egg-base ../../build/nav_in_lab build --build-base /home/anna/ros2_ws/build/nav_in_lab/build install --record /home/anna/ros2_ws/build/nav_in_lab/install.log --single-version-externally-managed
[3.507s] Level 1:colcon.colcon_core.environment:checking '/home/anna/ros2_ws/install/nav_in_lab' for CMake module files
[3.508s] Level 1:colcon.colcon_core.environment:checking '/home/anna/ros2_ws/install/nav_in_lab' for CMake config files
[3.508s] Level 1:colcon.colcon_core.environment:checking '/home/anna/ros2_ws/install/nav_in_lab/lib'
[3.508s] Level 1:colcon.colcon_core.environment:checking '/home/anna/ros2_ws/install/nav_in_lab/bin'
[3.508s] Level 1:colcon.colcon_core.environment:checking '/home/anna/ros2_ws/install/nav_in_lab/lib/pkgconfig/nav_in_lab.pc'
[3.509s] Level 1:colcon.colcon_core.environment:checking '/home/anna/ros2_ws/install/nav_in_lab/lib/python3.10/site-packages'
[3.509s] Level 1:colcon.colcon_core.shell:create_environment_hook('nav_in_lab', 'pythonpath')
[3.521s] INFO:colcon.colcon_core.shell:Creating environment hook '/home/anna/ros2_ws/install/nav_in_lab/share/nav_in_lab/hook/pythonpath.ps1'
[3.521s] INFO:colcon.colcon_core.shell:Creating environment descriptor '/home/anna/ros2_ws/install/nav_in_lab/share/nav_in_lab/hook/pythonpath.dsv'
[3.521s] INFO:colcon.colcon_core.shell:Creating environment hook '/home/anna/ros2_ws/install/nav_in_lab/share/nav_in_lab/hook/pythonpath.sh'
[3.522s] Level 1:colcon.colcon_core.environment:checking '/home/anna/ros2_ws/install/nav_in_lab/bin'
[3.522s] Level 1:colcon.colcon_core.environment:create_environment_scripts_only(nav_in_lab)
[3.534s] INFO:colcon.colcon_core.shell:Creating package script '/home/anna/ros2_ws/install/nav_in_lab/share/nav_in_lab/package.ps1'
[3.535s] INFO:colcon.colcon_core.shell:Creating package descriptor '/home/anna/ros2_ws/install/nav_in_lab/share/nav_in_lab/package.dsv'
[3.535s] INFO:colcon.colcon_core.shell:Creating package script '/home/anna/ros2_ws/install/nav_in_lab/share/nav_in_lab/package.sh'
[3.535s] INFO:colcon.colcon_core.shell:Creating package script '/home/anna/ros2_ws/install/nav_in_lab/share/nav_in_lab/package.bash'
[3.536s] INFO:colcon.colcon_core.shell:Creating package script '/home/anna/ros2_ws/install/nav_in_lab/share/nav_in_lab/package.zsh'
[3.536s] Level 1:colcon.colcon_core.environment:create_file_with_runtime_dependencies(/home/anna/ros2_ws/install/nav_in_lab/share/colcon-core/packages/nav_in_lab)
[3.537s] DEBUG:colcon.colcon_core.event_handler.log_command:Invoked command in '/home/anna/ros2_ws/src/turtlebot4_space' returned '0': PYTHONPATH=/home/anna/ros2_ws/build/turtlebot4_space/prefix_override:/home/anna/ros2_ws/install/turtlebot4_space/lib/python3.10/site-packages:${PYTHONPATH} /usr/bin/python3 setup.py egg_info --egg-base ../../build/turtlebot4_space build --build-base /home/anna/ros2_ws/build/turtlebot4_space/build install --record /home/anna/ros2_ws/build/turtlebot4_space/install.log --single-version-externally-managed
[3.550s] Level 1:colcon.colcon_core.environment:checking '/home/anna/ros2_ws/install/turtlebot4_space' for CMake module files
[3.550s] Level 1:colcon.colcon_core.environment:checking '/home/anna/ros2_ws/install/turtlebot4_space' for CMake config files
[3.550s] Level 1:colcon.colcon_core.environment:checking '/home/anna/ros2_ws/install/turtlebot4_space/lib'
[3.550s] Level 1:colcon.colcon_core.environment:checking '/home/anna/ros2_ws/install/turtlebot4_space/bin'
[3.550s] Level 1:colcon.colcon_core.environment:checking '/home/anna/ros2_ws/install/turtlebot4_space/lib/pkgconfig/turtlebot4_space.pc'
[3.551s] Level 1:colcon.colcon_core.environment:checking '/home/anna/ros2_ws/install/turtlebot4_space/lib/python3.10/site-packages'
[3.551s] Level 1:colcon.colcon_core.shell:create_environment_hook('turtlebot4_space', 'pythonpath')
[3.563s] INFO:colcon.colcon_core.shell:Creating environment hook '/home/anna/ros2_ws/install/turtlebot4_space/share/turtlebot4_space/hook/pythonpath.ps1'
[3.563s] INFO:colcon.colcon_core.shell:Creating environment descriptor '/home/anna/ros2_ws/install/turtlebot4_space/share/turtlebot4_space/hook/pythonpath.dsv'
[3.564s] INFO:colcon.colcon_core.shell:Creating environment hook '/home/anna/ros2_ws/install/turtlebot4_space/share/turtlebot4_space/hook/pythonpath.sh'
[3.564s] Level 1:colcon.colcon_core.environment:checking '/home/anna/ros2_ws/install/turtlebot4_space/bin'
[3.564s] Level 1:colcon.colcon_core.environment:create_environment_scripts_only(turtlebot4_space)
[3.576s] INFO:colcon.colcon_core.shell:Creating package script '/home/anna/ros2_ws/install/turtlebot4_space/share/turtlebot4_space/package.ps1'
[3.577s] INFO:colcon.colcon_core.shell:Creating package descriptor '/home/anna/ros2_ws/install/turtlebot4_space/share/turtlebot4_space/package.dsv'
[3.577s] INFO:colcon.colcon_core.shell:Creating package script '/home/anna/ros2_ws/install/turtlebot4_space/share/turtlebot4_space/package.sh'
[3.577s] INFO:colcon.colcon_core.shell:Creating package script '/home/anna/ros2_ws/install/turtlebot4_space/share/turtlebot4_space/package.bash'
[3.578s] INFO:colcon.colcon_core.shell:Creating package script '/home/anna/ros2_ws/install/turtlebot4_space/share/turtlebot4_space/package.zsh'
[3.578s] Level 1:colcon.colcon_core.environment:create_file_with_runtime_dependencies(/home/anna/ros2_ws/install/turtlebot4_space/share/colcon-core/packages/turtlebot4_space)
[3.578s] DEBUG:colcon.colcon_parallel_executor.executor.parallel:closing loop
[3.578s] DEBUG:colcon.colcon_parallel_executor.executor.parallel:loop closed
[3.578s] DEBUG:colcon.colcon_parallel_executor.executor.parallel:run_until_complete finished with '0'
[3.578s] DEBUG:colcon.colcon_core.event_reactor:joining thread
[3.595s] INFO:colcon.colcon_core.plugin_system:Skipping extension 'colcon_notification.desktop_notification.terminal_notifier': Not used on non-Darwin systems
[3.595s] INFO:colcon.colcon_core.plugin_system:Skipping extension 'colcon_notification.desktop_notification.win32': Not used on non-Windows systems
[3.595s] INFO:colcon.colcon_notification.desktop_notification:Sending desktop notification using 'notify2'
[3.616s] DEBUG:colcon.colcon_core.event_reactor:joined thread
[3.630s] INFO:colcon.colcon_core.shell:Creating prefix script '/home/anna/ros2_ws/install/local_setup.ps1'
[3.630s] INFO:colcon.colcon_core.shell:Creating prefix util module '/home/anna/ros2_ws/install/_local_setup_util_ps1.py'
[3.631s] INFO:colcon.colcon_core.shell:Creating prefix chain script '/home/anna/ros2_ws/install/setup.ps1'
[3.644s] INFO:colcon.colcon_core.shell:Creating prefix script '/home/anna/ros2_ws/install/local_setup.sh'
[3.645s] INFO:colcon.colcon_core.shell:Creating prefix util module '/home/anna/ros2_ws/install/_local_setup_util_sh.py'
[3.645s] INFO:colcon.colcon_core.shell:Creating prefix chain script '/home/anna/ros2_ws/install/setup.sh'
[3.658s] INFO:colcon.colcon_core.shell:Creating prefix script '/home/anna/ros2_ws/install/local_setup.bash'
[3.659s] INFO:colcon.colcon_core.shell:Creating prefix chain script '/home/anna/ros2_ws/install/setup.bash'
[3.684s] INFO:colcon.colcon_core.shell:Creating prefix script '/home/anna/ros2_ws/install/local_setup.zsh'
[3.684s] INFO:colcon.colcon_core.shell:Creating prefix chain script '/home/anna/ros2_ws/install/setup.zsh'
