[1.455s] Invoking command in '/home/anna/ros2_ws/build/nav_in_lab': PYTHONPATH=/home/anna/ros2_ws/build/nav_in_lab/prefix_override:/home/anna/ros2_ws/install/nav_in_lab/lib/python3.10/site-packages:${PYTHONPATH} /usr/bin/python3 setup.py develop --uninstall --editable --build-directory /home/anna/ros2_ws/build/nav_in_lab/build
[1.700s] running develop
[1.855s] Removing /home/anna/ros2_ws/install/nav_in_lab/lib/python3.10/site-packages/nav-in-lab.egg-link (link to .)
[1.903s] Invoked command in '/home/anna/ros2_ws/build/nav_in_lab' returned '0': PYTHONPATH=/home/anna/ros2_ws/build/nav_in_lab/prefix_override:/home/anna/ros2_ws/install/nav_in_lab/lib/python3.10/site-packages:${PYTHONPATH} /usr/bin/python3 setup.py develop --uninstall --editable --build-directory /home/anna/ros2_ws/build/nav_in_lab/build
[1.906s] Invoking command in '/home/anna/ros2_ws/src/nav_in_lab': PYTHONPATH=/home/anna/ros2_ws/build/nav_in_lab/prefix_override:/home/anna/ros2_ws/install/nav_in_lab/lib/python3.10/site-packages:${PYTHONPATH} /usr/bin/python3 setup.py egg_info --egg-base ../../build/nav_in_lab build --build-base /home/anna/ros2_ws/build/nav_in_lab/build install --record /home/anna/ros2_ws/build/nav_in_lab/install.log --single-version-externally-managed
[2.127s] running egg_info
[2.128s] writing ../../build/nav_in_lab/nav_in_lab.egg-info/PKG-INFO
[2.128s] writing dependency_links to ../../build/nav_in_lab/nav_in_lab.egg-info/dependency_links.txt
[2.128s] writing entry points to ../../build/nav_in_lab/nav_in_lab.egg-info/entry_points.txt
[2.128s] writing requirements to ../../build/nav_in_lab/nav_in_lab.egg-info/requires.txt
[2.128s] writing top-level names to ../../build/nav_in_lab/nav_in_lab.egg-info/top_level.txt
[2.129s] reading manifest file '../../build/nav_in_lab/nav_in_lab.egg-info/SOURCES.txt'
[2.130s] writing manifest file '../../build/nav_in_lab/nav_in_lab.egg-info/SOURCES.txt'
[2.131s] running build
[2.131s] running build_py
[2.132s] copying nav_in_lab/__init__.py -> /home/anna/ros2_ws/build/nav_in_lab/build/lib/nav_in_lab
[2.132s] running install
[2.132s] running install_lib
[2.133s] creating /home/anna/ros2_ws/install/nav_in_lab/lib/python3.10/site-packages/nav_in_lab
[2.133s] copying /home/anna/ros2_ws/build/nav_in_lab/build/lib/nav_in_lab/go_nav.py -> /home/anna/ros2_ws/install/nav_in_lab/lib/python3.10/site-packages/nav_in_lab
[2.134s] copying /home/anna/ros2_ws/build/nav_in_lab/build/lib/nav_in_lab/__init__.py -> /home/anna/ros2_ws/install/nav_in_lab/lib/python3.10/site-packages/nav_in_lab
[2.135s] byte-compiling /home/anna/ros2_ws/install/nav_in_lab/lib/python3.10/site-packages/nav_in_lab/go_nav.py to go_nav.cpython-310.pyc
[2.135s] byte-compiling /home/anna/ros2_ws/install/nav_in_lab/lib/python3.10/site-packages/nav_in_lab/__init__.py to __init__.cpython-310.pyc
[2.138s] running install_data
[2.138s] copying resource/nav_in_lab -> /home/anna/ros2_ws/install/nav_in_lab/share/ament_index/resource_index/packages
[2.138s] copying package.xml -> /home/anna/ros2_ws/install/nav_in_lab/share/nav_in_lab
[2.138s] running install_egg_info
[2.139s] Copying ../../build/nav_in_lab/nav_in_lab.egg-info to /home/anna/ros2_ws/install/nav_in_lab/lib/python3.10/site-packages/nav_in_lab-0.0.0-py3.10.egg-info
[2.143s] running install_scripts
[2.152s] writing list of installed files to '/home/anna/ros2_ws/build/nav_in_lab/install.log'
[2.201s] Invoked command in '/home/anna/ros2_ws/src/nav_in_lab' returned '0': PYTHONPATH=/home/anna/ros2_ws/build/nav_in_lab/prefix_override:/home/anna/ros2_ws/install/nav_in_lab/lib/python3.10/site-packages:${PYTHONPATH} /usr/bin/python3 setup.py egg_info --egg-base ../../build/nav_in_lab build --build-base /home/anna/ros2_ws/build/nav_in_lab/build install --record /home/anna/ros2_ws/build/nav_in_lab/install.log --single-version-externally-managed
