[0.914s] DEBUG:colcon:Command line arguments: ['/usr/bin/colcon', 'build']
[0.914s] DEBUG:colcon:Parsed command line arguments: Namespace(log_base=None, log_level=None, verb_name='build', build_base='build', install_base='install', merge_install=False, symlink_install=False, test_result_base=None, continue_on_error=False, executor='parallel', parallel_workers=16, event_handlers=None, ignore_user_meta=False, metas=['./colcon.meta'], base_paths=['.'], packages_ignore=None, packages_ignore_regex=None, paths=None, packages_up_to=None, packages_up_to_regex=None, packages_above=None, packages_above_and_dependencies=None, packages_above_depth=None, packages_select_by_dep=None, packages_skip_by_dep=None, packages_skip_up_to=None, packages_select_build_failed=False, packages_skip_build_finished=False, packages_select_test_failures=False, packages_skip_test_passed=False, packages_select=None, packages_skip=None, packages_select_regex=None, packages_skip_regex=None, packages_start=None, packages_end=None, allow_overriding=[], cmake_args=None, cmake_target=None, cmake_target_skip_unavailable=False, cmake_clean_cache=False, cmake_clean_first=False, cmake_force_configure=False, ament_cmake_args=None, catkin_cmake_args=None, catkin_skip_building_tests=False, verb_parser=<colcon_defaults.argument_parser.defaults.DefaultArgumentsDecorator object at 0x7f2bb0ce12a0>, verb_extension=<colcon_core.verb.build.BuildVerb object at 0x7f2bb0ce26e0>, main=<bound method BuildVerb.main of <colcon_core.verb.build.BuildVerb object at 0x7f2bb0ce26e0>>)
[0.961s] Level 1:colcon.colcon_core.package_discovery:discover_packages(colcon_meta) check parameters
[0.961s] Level 1:colcon.colcon_core.package_discovery:discover_packages(recursive) check parameters
[0.961s] Level 1:colcon.colcon_core.package_discovery:discover_packages(ignore) check parameters
[0.961s] Level 1:colcon.colcon_core.package_discovery:discover_packages(path) check parameters
[0.961s] Level 1:colcon.colcon_core.package_discovery:discover_packages(colcon_meta) discover
[0.961s] Level 1:colcon.colcon_core.package_discovery:discover_packages(recursive) discover
[0.961s] INFO:colcon.colcon_core.package_discovery:Crawling recursively for packages in '/home/anna/ros2_ws'
[0.961s] Level 1:colcon.colcon_core.package_identification:_identify(.) by extensions ['ignore', 'ignore_ament_install']
[0.961s] Level 1:colcon.colcon_core.package_identification:_identify(.) by extension 'ignore'
[0.961s] Level 1:colcon.colcon_core.package_identification:_identify(.) by extension 'ignore_ament_install'
[0.961s] Level 1:colcon.colcon_core.package_identification:_identify(.) by extensions ['colcon_pkg']
[0.961s] Level 1:colcon.colcon_core.package_identification:_identify(.) by extension 'colcon_pkg'
[0.961s] Level 1:colcon.colcon_core.package_identification:_identify(.) by extensions ['colcon_meta']
[0.961s] Level 1:colcon.colcon_core.package_identification:_identify(.) by extension 'colcon_meta'
[0.961s] Level 1:colcon.colcon_core.package_identification:_identify(.) by extensions ['ros']
[0.962s] Level 1:colcon.colcon_core.package_identification:_identify(.) by extension 'ros'
[0.971s] Level 1:colcon.colcon_core.package_identification:_identify(.) by extensions ['cmake', 'python']
[0.971s] Level 1:colcon.colcon_core.package_identification:_identify(.) by extension 'cmake'
[0.971s] Level 1:colcon.colcon_core.package_identification:_identify(.) by extension 'python'
[0.971s] Level 1:colcon.colcon_core.package_identification:_identify(.) by extensions ['python_setup_py']
[0.971s] Level 1:colcon.colcon_core.package_identification:_identify(.) by extension 'python_setup_py'
[0.972s] Level 1:colcon.colcon_core.package_identification:_identify(build) by extensions ['ignore', 'ignore_ament_install']
[0.972s] Level 1:colcon.colcon_core.package_identification:_identify(build) by extension 'ignore'
[0.972s] Level 1:colcon.colcon_core.package_identification:_identify(build) ignored
[0.972s] Level 1:colcon.colcon_core.package_identification:_identify(install) by extensions ['ignore', 'ignore_ament_install']
[0.972s] Level 1:colcon.colcon_core.package_identification:_identify(install) by extension 'ignore'
[0.972s] Level 1:colcon.colcon_core.package_identification:_identify(install) ignored
[0.972s] Level 1:colcon.colcon_core.package_identification:_identify(log) by extensions ['ignore', 'ignore_ament_install']
[0.972s] Level 1:colcon.colcon_core.package_identification:_identify(log) by extension 'ignore'
[0.972s] Level 1:colcon.colcon_core.package_identification:_identify(log) ignored
[0.972s] Level 1:colcon.colcon_core.package_identification:_identify(src) by extensions ['ignore', 'ignore_ament_install']
[0.972s] Level 1:colcon.colcon_core.package_identification:_identify(src) by extension 'ignore'
[0.972s] Level 1:colcon.colcon_core.package_identification:_identify(src) by extension 'ignore_ament_install'
[0.972s] Level 1:colcon.colcon_core.package_identification:_identify(src) by extensions ['colcon_pkg']
[0.972s] Level 1:colcon.colcon_core.package_identification:_identify(src) by extension 'colcon_pkg'
[0.972s] Level 1:colcon.colcon_core.package_identification:_identify(src) by extensions ['colcon_meta']
[0.972s] Level 1:colcon.colcon_core.package_identification:_identify(src) by extension 'colcon_meta'
[0.972s] Level 1:colcon.colcon_core.package_identification:_identify(src) by extensions ['ros']
[0.972s] Level 1:colcon.colcon_core.package_identification:_identify(src) by extension 'ros'
[0.972s] Level 1:colcon.colcon_core.package_identification:_identify(src) by extensions ['cmake', 'python']
[0.972s] Level 1:colcon.colcon_core.package_identification:_identify(src) by extension 'cmake'
[0.973s] Level 1:colcon.colcon_core.package_identification:_identify(src) by extension 'python'
[0.973s] Level 1:colcon.colcon_core.package_identification:_identify(src) by extensions ['python_setup_py']
[0.973s] Level 1:colcon.colcon_core.package_identification:_identify(src) by extension 'python_setup_py'
[0.973s] Level 1:colcon.colcon_core.package_identification:_identify(src/Raspberry) by extensions ['ignore', 'ignore_ament_install']
[0.973s] Level 1:colcon.colcon_core.package_identification:_identify(src/Raspberry) by extension 'ignore'
[0.973s] Level 1:colcon.colcon_core.package_identification:_identify(src/Raspberry) by extension 'ignore_ament_install'
[0.973s] Level 1:colcon.colcon_core.package_identification:_identify(src/Raspberry) by extensions ['colcon_pkg']
[0.973s] Level 1:colcon.colcon_core.package_identification:_identify(src/Raspberry) by extension 'colcon_pkg'
[0.973s] Level 1:colcon.colcon_core.package_identification:_identify(src/Raspberry) by extensions ['colcon_meta']
[0.973s] Level 1:colcon.colcon_core.package_identification:_identify(src/Raspberry) by extension 'colcon_meta'
[0.973s] Level 1:colcon.colcon_core.package_identification:_identify(src/Raspberry) by extensions ['ros']
[0.973s] Level 1:colcon.colcon_core.package_identification:_identify(src/Raspberry) by extension 'ros'
[0.975s] DEBUG:colcon.colcon_core.package_identification:Package 'src/Raspberry' with type 'ros.ament_python' and name 'Raspberry'
[0.975s] Level 1:colcon.colcon_core.package_identification:_identify(src/my_robot_controller) by extensions ['ignore', 'ignore_ament_install']
[0.975s] Level 1:colcon.colcon_core.package_identification:_identify(src/my_robot_controller) by extension 'ignore'
[0.975s] Level 1:colcon.colcon_core.package_identification:_identify(src/my_robot_controller) by extension 'ignore_ament_install'
[0.975s] Level 1:colcon.colcon_core.package_identification:_identify(src/my_robot_controller) by extensions ['colcon_pkg']
[0.975s] Level 1:colcon.colcon_core.package_identification:_identify(src/my_robot_controller) by extension 'colcon_pkg'
[0.975s] Level 1:colcon.colcon_core.package_identification:_identify(src/my_robot_controller) by extensions ['colcon_meta']
[0.975s] Level 1:colcon.colcon_core.package_identification:_identify(src/my_robot_controller) by extension 'colcon_meta'
[0.976s] Level 1:colcon.colcon_core.package_identification:_identify(src/my_robot_controller) by extensions ['ros']
[0.976s] Level 1:colcon.colcon_core.package_identification:_identify(src/my_robot_controller) by extension 'ros'
[0.976s] DEBUG:colcon.colcon_core.package_identification:Package 'src/my_robot_controller' with type 'ros.ament_python' and name 'my_robot_controller'
[0.976s] Level 1:colcon.colcon_core.package_identification:_identify(src/nav_in_lab) by extensions ['ignore', 'ignore_ament_install']
[0.976s] Level 1:colcon.colcon_core.package_identification:_identify(src/nav_in_lab) by extension 'ignore'
[0.976s] Level 1:colcon.colcon_core.package_identification:_identify(src/nav_in_lab) by extension 'ignore_ament_install'
[0.976s] Level 1:colcon.colcon_core.package_identification:_identify(src/nav_in_lab) by extensions ['colcon_pkg']
[0.976s] Level 1:colcon.colcon_core.package_identification:_identify(src/nav_in_lab) by extension 'colcon_pkg'
[0.976s] Level 1:colcon.colcon_core.package_identification:_identify(src/nav_in_lab) by extensions ['colcon_meta']
[0.976s] Level 1:colcon.colcon_core.package_identification:_identify(src/nav_in_lab) by extension 'colcon_meta'
[0.976s] Level 1:colcon.colcon_core.package_identification:_identify(src/nav_in_lab) by extensions ['ros']
[0.976s] Level 1:colcon.colcon_core.package_identification:_identify(src/nav_in_lab) by extension 'ros'
[0.977s] DEBUG:colcon.colcon_core.package_identification:Package 'src/nav_in_lab' with type 'ros.ament_python' and name 'nav_in_lab'
[0.977s] Level 1:colcon.colcon_core.package_identification:_identify(src/turtlebot4_space) by extensions ['ignore', 'ignore_ament_install']
[0.977s] Level 1:colcon.colcon_core.package_identification:_identify(src/turtlebot4_space) by extension 'ignore'
[0.977s] Level 1:colcon.colcon_core.package_identification:_identify(src/turtlebot4_space) by extension 'ignore_ament_install'
[0.977s] Level 1:colcon.colcon_core.package_identification:_identify(src/turtlebot4_space) by extensions ['colcon_pkg']
[0.977s] Level 1:colcon.colcon_core.package_identification:_identify(src/turtlebot4_space) by extension 'colcon_pkg'
[0.977s] Level 1:colcon.colcon_core.package_identification:_identify(src/turtlebot4_space) by extensions ['colcon_meta']
[0.977s] Level 1:colcon.colcon_core.package_identification:_identify(src/turtlebot4_space) by extension 'colcon_meta'
[0.977s] Level 1:colcon.colcon_core.package_identification:_identify(src/turtlebot4_space) by extensions ['ros']
[0.977s] Level 1:colcon.colcon_core.package_identification:_identify(src/turtlebot4_space) by extension 'ros'
[0.978s] DEBUG:colcon.colcon_core.package_identification:Package 'src/turtlebot4_space' with type 'ros.ament_python' and name 'turtlebot4_space'
[0.978s] Level 1:colcon.colcon_core.package_discovery:discover_packages(recursive) using defaults
[0.978s] Level 1:colcon.colcon_core.package_discovery:discover_packages(ignore) discover
[0.978s] Level 1:colcon.colcon_core.package_discovery:discover_packages(ignore) using defaults
[0.978s] Level 1:colcon.colcon_core.package_discovery:discover_packages(path) discover
[0.978s] Level 1:colcon.colcon_core.package_discovery:discover_packages(path) using defaults
[1.064s] Level 1:colcon.colcon_core.package_discovery:discover_packages(prefix_path) check parameters
[1.064s] Level 1:colcon.colcon_core.package_discovery:discover_packages(prefix_path) discover
[1.093s] DEBUG:colcon.colcon_installed_package_information.package_discovery:Found 3 installed packages in /home/anna/ros2_ws/install
[1.128s] DEBUG:colcon.colcon_installed_package_information.package_discovery:Found 450 installed packages in /opt/ros/humble
[1.129s] Level 1:colcon.colcon_core.package_discovery:discover_packages(prefix_path) using defaults
[1.222s] Level 5:colcon.colcon_core.verb:set package 'Raspberry' build argument 'cmake_args' from command line to 'None'
[1.222s] Level 5:colcon.colcon_core.verb:set package 'Raspberry' build argument 'cmake_target' from command line to 'None'
[1.222s] Level 5:colcon.colcon_core.verb:set package 'Raspberry' build argument 'cmake_target_skip_unavailable' from command line to 'False'
[1.222s] Level 5:colcon.colcon_core.verb:set package 'Raspberry' build argument 'cmake_clean_cache' from command line to 'False'
[1.222s] Level 5:colcon.colcon_core.verb:set package 'Raspberry' build argument 'cmake_clean_first' from command line to 'False'
[1.222s] Level 5:colcon.colcon_core.verb:set package 'Raspberry' build argument 'cmake_force_configure' from command line to 'False'
[1.222s] Level 5:colcon.colcon_core.verb:set package 'Raspberry' build argument 'ament_cmake_args' from command line to 'None'
[1.222s] Level 5:colcon.colcon_core.verb:set package 'Raspberry' build argument 'catkin_cmake_args' from command line to 'None'
[1.222s] Level 5:colcon.colcon_core.verb:set package 'Raspberry' build argument 'catkin_skip_building_tests' from command line to 'False'
[1.222s] DEBUG:colcon.colcon_core.verb:Building package 'Raspberry' with the following arguments: {'ament_cmake_args': None, 'build_base': '/home/anna/ros2_ws/build/Raspberry', 'catkin_cmake_args': None, 'catkin_skip_building_tests': False, 'cmake_args': None, 'cmake_clean_cache': False, 'cmake_clean_first': False, 'cmake_force_configure': False, 'cmake_target': None, 'cmake_target_skip_unavailable': False, 'install_base': '/home/anna/ros2_ws/install/Raspberry', 'merge_install': False, 'path': '/home/anna/ros2_ws/src/Raspberry', 'symlink_install': False, 'test_result_base': None}
[1.235s] Level 5:colcon.colcon_core.verb:set package 'my_robot_controller' build argument 'cmake_args' from command line to 'None'
[1.235s] Level 5:colcon.colcon_core.verb:set package 'my_robot_controller' build argument 'cmake_target' from command line to 'None'
[1.235s] Level 5:colcon.colcon_core.verb:set package 'my_robot_controller' build argument 'cmake_target_skip_unavailable' from command line to 'False'
[1.235s] Level 5:colcon.colcon_core.verb:set package 'my_robot_controller' build argument 'cmake_clean_cache' from command line to 'False'
[1.235s] Level 5:colcon.colcon_core.verb:set package 'my_robot_controller' build argument 'cmake_clean_first' from command line to 'False'
[1.235s] Level 5:colcon.colcon_core.verb:set package 'my_robot_controller' build argument 'cmake_force_configure' from command line to 'False'
[1.235s] Level 5:colcon.colcon_core.verb:set package 'my_robot_controller' build argument 'ament_cmake_args' from command line to 'None'
[1.235s] Level 5:colcon.colcon_core.verb:set package 'my_robot_controller' build argument 'catkin_cmake_args' from command line to 'None'
[1.235s] Level 5:colcon.colcon_core.verb:set package 'my_robot_controller' build argument 'catkin_skip_building_tests' from command line to 'False'
[1.235s] DEBUG:colcon.colcon_core.verb:Building package 'my_robot_controller' with the following arguments: {'ament_cmake_args': None, 'build_base': '/home/anna/ros2_ws/build/my_robot_controller', 'catkin_cmake_args': None, 'catkin_skip_building_tests': False, 'cmake_args': None, 'cmake_clean_cache': False, 'cmake_clean_first': False, 'cmake_force_configure': False, 'cmake_target': None, 'cmake_target_skip_unavailable': False, 'install_base': '/home/anna/ros2_ws/install/my_robot_controller', 'merge_install': False, 'path': '/home/anna/ros2_ws/src/my_robot_controller', 'symlink_install': False, 'test_result_base': None}
[1.248s] Level 5:colcon.colcon_core.verb:set package 'nav_in_lab' build argument 'cmake_args' from command line to 'None'
[1.248s] Level 5:colcon.colcon_core.verb:set package 'nav_in_lab' build argument 'cmake_target' from command line to 'None'
[1.248s] Level 5:colcon.colcon_core.verb:set package 'nav_in_lab' build argument 'cmake_target_skip_unavailable' from command line to 'False'
[1.248s] Level 5:colcon.colcon_core.verb:set package 'nav_in_lab' build argument 'cmake_clean_cache' from command line to 'False'
[1.248s] Level 5:colcon.colcon_core.verb:set package 'nav_in_lab' build argument 'cmake_clean_first' from command line to 'False'
[1.248s] Level 5:colcon.colcon_core.verb:set package 'nav_in_lab' build argument 'cmake_force_configure' from command line to 'False'
[1.248s] Level 5:colcon.colcon_core.verb:set package 'nav_in_lab' build argument 'ament_cmake_args' from command line to 'None'
[1.248s] Level 5:colcon.colcon_core.verb:set package 'nav_in_lab' build argument 'catkin_cmake_args' from command line to 'None'
[1.248s] Level 5:colcon.colcon_core.verb:set package 'nav_in_lab' build argument 'catkin_skip_building_tests' from command line to 'False'
[1.248s] DEBUG:colcon.colcon_core.verb:Building package 'nav_in_lab' with the following arguments: {'ament_cmake_args': None, 'build_base': '/home/anna/ros2_ws/build/nav_in_lab', 'catkin_cmake_args': None, 'catkin_skip_building_tests': False, 'cmake_args': None, 'cmake_clean_cache': False, 'cmake_clean_first': False, 'cmake_force_configure': False, 'cmake_target': None, 'cmake_target_skip_unavailable': False, 'install_base': '/home/anna/ros2_ws/install/nav_in_lab', 'merge_install': False, 'path': '/home/anna/ros2_ws/src/nav_in_lab', 'symlink_install': False, 'test_result_base': None}
[1.261s] Level 5:colcon.colcon_core.verb:set package 'turtlebot4_space' build argument 'cmake_args' from command line to 'None'
[1.261s] Level 5:colcon.colcon_core.verb:set package 'turtlebot4_space' build argument 'cmake_target' from command line to 'None'
[1.261s] Level 5:colcon.colcon_core.verb:set package 'turtlebot4_space' build argument 'cmake_target_skip_unavailable' from command line to 'False'
[1.261s] Level 5:colcon.colcon_core.verb:set package 'turtlebot4_space' build argument 'cmake_clean_cache' from command line to 'False'
[1.261s] Level 5:colcon.colcon_core.verb:set package 'turtlebot4_space' build argument 'cmake_clean_first' from command line to 'False'
[1.261s] Level 5:colcon.colcon_core.verb:set package 'turtlebot4_space' build argument 'cmake_force_configure' from command line to 'False'
[1.261s] Level 5:colcon.colcon_core.verb:set package 'turtlebot4_space' build argument 'ament_cmake_args' from command line to 'None'
[1.261s] Level 5:colcon.colcon_core.verb:set package 'turtlebot4_space' build argument 'catkin_cmake_args' from command line to 'None'
[1.261s] Level 5:colcon.colcon_core.verb:set package 'turtlebot4_space' build argument 'catkin_skip_building_tests' from command line to 'False'
[1.261s] DEBUG:colcon.colcon_core.verb:Building package 'turtlebot4_space' with the following arguments: {'ament_cmake_args': None, 'build_base': '/home/anna/ros2_ws/build/turtlebot4_space', 'catkin_cmake_args': None, 'catkin_skip_building_tests': False, 'cmake_args': None, 'cmake_clean_cache': False, 'cmake_clean_first': False, 'cmake_force_configure': False, 'cmake_target': None, 'cmake_target_skip_unavailable': False, 'install_base': '/home/anna/ros2_ws/install/turtlebot4_space', 'merge_install': False, 'path': '/home/anna/ros2_ws/src/turtlebot4_space', 'symlink_install': False, 'test_result_base': None}
[1.274s] INFO:colcon.colcon_core.executor:Executing jobs using 'parallel' executor
[1.289s] DEBUG:colcon.colcon_parallel_executor.executor.parallel:run_until_complete
[1.289s] INFO:colcon.colcon_ros.task.ament_python.build:Building ROS package in '/home/anna/ros2_ws/src/Raspberry' with build type 'ament_python'
[1.289s] Level 1:colcon.colcon_core.shell:create_environment_hook('Raspberry', 'ament_prefix_path')
[1.313s] INFO:colcon.colcon_core.plugin_system:Skipping extension 'colcon_core.shell.bat': Not used on non-Windows systems
[1.313s] INFO:colcon.colcon_core.shell:Creating environment hook '/home/anna/ros2_ws/install/Raspberry/share/Raspberry/hook/ament_prefix_path.ps1'
[1.314s] INFO:colcon.colcon_core.shell:Creating environment descriptor '/home/anna/ros2_ws/install/Raspberry/share/Raspberry/hook/ament_prefix_path.dsv'
[1.314s] INFO:colcon.colcon_core.shell:Creating environment hook '/home/anna/ros2_ws/install/Raspberry/share/Raspberry/hook/ament_prefix_path.sh'
[1.328s] INFO:colcon.colcon_core.shell:Skip shell extension 'powershell' for command environment: Not usable outside of PowerShell
[1.328s] DEBUG:colcon.colcon_core.shell:Skip shell extension 'dsv' for command environment
[1.372s] INFO:colcon.colcon_ros.task.ament_python.build:Building ROS package in '/home/anna/ros2_ws/src/my_robot_controller' with build type 'ament_python'
[1.372s] Level 1:colcon.colcon_core.shell:create_environment_hook('my_robot_controller', 'ament_prefix_path')
[1.387s] INFO:colcon.colcon_core.shell:Creating environment hook '/home/anna/ros2_ws/install/my_robot_controller/share/my_robot_controller/hook/ament_prefix_path.ps1'
[1.387s] INFO:colcon.colcon_core.shell:Creating environment descriptor '/home/anna/ros2_ws/install/my_robot_controller/share/my_robot_controller/hook/ament_prefix_path.dsv'
[1.387s] INFO:colcon.colcon_core.shell:Creating environment hook '/home/anna/ros2_ws/install/my_robot_controller/share/my_robot_controller/hook/ament_prefix_path.sh'
[1.401s] INFO:colcon.colcon_core.shell:Skip shell extension 'powershell' for command environment: Not usable outside of PowerShell
[1.401s] DEBUG:colcon.colcon_core.shell:Skip shell extension 'dsv' for command environment
[1.443s] INFO:colcon.colcon_ros.task.ament_python.build:Building ROS package in '/home/anna/ros2_ws/src/nav_in_lab' with build type 'ament_python'
[1.443s] Level 1:colcon.colcon_core.shell:create_environment_hook('nav_in_lab', 'ament_prefix_path')
[1.456s] INFO:colcon.colcon_core.shell:Creating environment hook '/home/anna/ros2_ws/install/nav_in_lab/share/nav_in_lab/hook/ament_prefix_path.ps1'
[1.456s] INFO:colcon.colcon_core.shell:Creating environment descriptor '/home/anna/ros2_ws/install/nav_in_lab/share/nav_in_lab/hook/ament_prefix_path.dsv'
[1.457s] INFO:colcon.colcon_core.shell:Creating environment hook '/home/anna/ros2_ws/install/nav_in_lab/share/nav_in_lab/hook/ament_prefix_path.sh'
[1.470s] INFO:colcon.colcon_core.shell:Skip shell extension 'powershell' for command environment: Not usable outside of PowerShell
[1.470s] DEBUG:colcon.colcon_core.shell:Skip shell extension 'dsv' for command environment
[1.515s] INFO:colcon.colcon_ros.task.ament_python.build:Building ROS package in '/home/anna/ros2_ws/src/turtlebot4_space' with build type 'ament_python'
[1.515s] Level 1:colcon.colcon_core.shell:create_environment_hook('turtlebot4_space', 'ament_prefix_path')
[1.529s] INFO:colcon.colcon_core.shell:Creating environment hook '/home/anna/ros2_ws/install/turtlebot4_space/share/turtlebot4_space/hook/ament_prefix_path.ps1'
[1.529s] INFO:colcon.colcon_core.shell:Creating environment descriptor '/home/anna/ros2_ws/install/turtlebot4_space/share/turtlebot4_space/hook/ament_prefix_path.dsv'
[1.530s] INFO:colcon.colcon_core.shell:Creating environment hook '/home/anna/ros2_ws/install/turtlebot4_space/share/turtlebot4_space/hook/ament_prefix_path.sh'
[1.543s] INFO:colcon.colcon_core.shell:Skip shell extension 'powershell' for command environment: Not usable outside of PowerShell
[1.543s] DEBUG:colcon.colcon_core.shell:Skip shell extension 'dsv' for command environment
[1.843s] INFO:colcon.colcon_core.task.python.build:Building Python package in '/home/anna/ros2_ws/src/Raspberry'
[1.856s] INFO:colcon.colcon_core.shell:Skip shell extension 'powershell' for command environment: Not usable outside of PowerShell
[1.857s] DEBUG:colcon.colcon_core.shell:Skip shell extension 'dsv' for command environment
[2.153s] INFO:colcon.colcon_core.task.python.build:Building Python package in '/home/anna/ros2_ws/src/my_robot_controller'
[2.166s] INFO:colcon.colcon_core.shell:Skip shell extension 'powershell' for command environment: Not usable outside of PowerShell
[2.166s] DEBUG:colcon.colcon_core.shell:Skip shell extension 'dsv' for command environment
[2.464s] INFO:colcon.colcon_core.task.python.build:Building Python package in '/home/anna/ros2_ws/src/nav_in_lab'
[2.478s] INFO:colcon.colcon_core.shell:Skip shell extension 'powershell' for command environment: Not usable outside of PowerShell
[2.478s] DEBUG:colcon.colcon_core.shell:Skip shell extension 'dsv' for command environment
[2.779s] INFO:colcon.colcon_core.task.python.build:Building Python package in '/home/anna/ros2_ws/src/turtlebot4_space'
[2.793s] INFO:colcon.colcon_core.shell:Skip shell extension 'powershell' for command environment: Not usable outside of PowerShell
[2.793s] DEBUG:colcon.colcon_core.shell:Skip shell extension 'dsv' for command environment
[3.302s] DEBUG:colcon.colcon_core.event_handler.log_command:Invoking command in '/home/anna/ros2_ws/build/my_robot_controller': PYTHONPATH=/home/anna/ros2_ws/build/my_robot_controller/prefix_override:/home/anna/ros2_ws/install/my_robot_controller/lib/python3.10/site-packages:${PYTHONPATH} /usr/bin/python3 setup.py develop --uninstall --editable --build-directory /home/anna/ros2_ws/build/my_robot_controller/build
[3.305s] DEBUG:colcon.colcon_core.event_handler.log_command:Invoking command in '/home/anna/ros2_ws/build/turtlebot4_space': PYTHONPATH=/home/anna/ros2_ws/build/turtlebot4_space/prefix_override:/home/anna/ros2_ws/install/turtlebot4_space/lib/python3.10/site-packages:${PYTHONPATH} /usr/bin/python3 setup.py develop --uninstall --editable --build-directory /home/anna/ros2_ws/build/turtlebot4_space/build
[3.307s] DEBUG:colcon.colcon_core.event_handler.log_command:Invoking command in '/home/anna/ros2_ws/build/nav_in_lab': PYTHONPATH=/home/anna/ros2_ws/build/nav_in_lab/prefix_override:/home/anna/ros2_ws/install/nav_in_lab/lib/python3.10/site-packages:${PYTHONPATH} /usr/bin/python3 setup.py develop --uninstall --editable --build-directory /home/anna/ros2_ws/build/nav_in_lab/build
[3.307s] DEBUG:colcon.colcon_core.event_handler.log_command:Invoking command in '/home/anna/ros2_ws/src/Raspberry': PYTHONPATH=/home/anna/ros2_ws/build/Raspberry/prefix_override:/home/anna/ros2_ws/install/Raspberry/lib/python3.10/site-packages:${PYTHONPATH} /usr/bin/python3 setup.py egg_info --egg-base ../../build/Raspberry build --build-base /home/anna/ros2_ws/build/Raspberry/build install --record /home/anna/ros2_ws/build/Raspberry/install.log --single-version-externally-managed
[3.605s] DEBUG:colcon.colcon_core.event_handler.log_command:Invoked command in '/home/anna/ros2_ws/src/Raspberry' returned '0': PYTHONPATH=/home/anna/ros2_ws/build/Raspberry/prefix_override:/home/anna/ros2_ws/install/Raspberry/lib/python3.10/site-packages:${PYTHONPATH} /usr/bin/python3 setup.py egg_info --egg-base ../../build/Raspberry build --build-base /home/anna/ros2_ws/build/Raspberry/build install --record /home/anna/ros2_ws/build/Raspberry/install.log --single-version-externally-managed
[3.639s] Level 1:colcon.colcon_core.environment:checking '/home/anna/ros2_ws/install/Raspberry' for CMake module files
[3.640s] Level 1:colcon.colcon_core.environment:checking '/home/anna/ros2_ws/install/Raspberry' for CMake config files
[3.640s] Level 1:colcon.colcon_core.environment:checking '/home/anna/ros2_ws/install/Raspberry/lib'
[3.641s] Level 1:colcon.colcon_core.environment:checking '/home/anna/ros2_ws/install/Raspberry/bin'
[3.641s] Level 1:colcon.colcon_core.environment:checking '/home/anna/ros2_ws/install/Raspberry/lib/pkgconfig/Raspberry.pc'
[3.641s] Level 1:colcon.colcon_core.environment:checking '/home/anna/ros2_ws/install/Raspberry/lib/python3.10/site-packages'
[3.641s] Level 1:colcon.colcon_core.shell:create_environment_hook('Raspberry', 'pythonpath')
[3.655s] INFO:colcon.colcon_core.shell:Creating environment hook '/home/anna/ros2_ws/install/Raspberry/share/Raspberry/hook/pythonpath.ps1'
[3.656s] INFO:colcon.colcon_core.shell:Creating environment descriptor '/home/anna/ros2_ws/install/Raspberry/share/Raspberry/hook/pythonpath.dsv'
[3.656s] INFO:colcon.colcon_core.shell:Creating environment hook '/home/anna/ros2_ws/install/Raspberry/share/Raspberry/hook/pythonpath.sh'
[3.656s] Level 1:colcon.colcon_core.environment:checking '/home/anna/ros2_ws/install/Raspberry/bin'
[3.656s] Level 1:colcon.colcon_core.environment:create_environment_scripts_only(Raspberry)
[3.671s] INFO:colcon.colcon_core.shell:Creating package script '/home/anna/ros2_ws/install/Raspberry/share/Raspberry/package.ps1'
[3.672s] INFO:colcon.colcon_core.shell:Creating package descriptor '/home/anna/ros2_ws/install/Raspberry/share/Raspberry/package.dsv'
[3.672s] INFO:colcon.colcon_core.shell:Creating package script '/home/anna/ros2_ws/install/Raspberry/share/Raspberry/package.sh'
[3.673s] INFO:colcon.colcon_core.shell:Creating package script '/home/anna/ros2_ws/install/Raspberry/share/Raspberry/package.bash'
[3.674s] INFO:colcon.colcon_core.shell:Creating package script '/home/anna/ros2_ws/install/Raspberry/share/Raspberry/package.zsh'
[3.675s] Level 1:colcon.colcon_core.environment:create_file_with_runtime_dependencies(/home/anna/ros2_ws/install/Raspberry/share/colcon-core/packages/Raspberry)
[3.766s] DEBUG:colcon.colcon_core.event_handler.log_command:Invoked command in '/home/anna/ros2_ws/build/turtlebot4_space' returned '0': PYTHONPATH=/home/anna/ros2_ws/build/turtlebot4_space/prefix_override:/home/anna/ros2_ws/install/turtlebot4_space/lib/python3.10/site-packages:${PYTHONPATH} /usr/bin/python3 setup.py develop --uninstall --editable --build-directory /home/anna/ros2_ws/build/turtlebot4_space/build
[3.768s] DEBUG:colcon.colcon_core.event_handler.log_command:Invoking command in '/home/anna/ros2_ws/src/turtlebot4_space': PYTHONPATH=/home/anna/ros2_ws/build/turtlebot4_space/prefix_override:/home/anna/ros2_ws/install/turtlebot4_space/lib/python3.10/site-packages:${PYTHONPATH} /usr/bin/python3 setup.py egg_info --egg-base ../../build/turtlebot4_space build --build-base /home/anna/ros2_ws/build/turtlebot4_space/build install --record /home/anna/ros2_ws/build/turtlebot4_space/install.log --single-version-externally-managed
[3.773s] DEBUG:colcon.colcon_core.event_handler.log_command:Invoked command in '/home/anna/ros2_ws/build/nav_in_lab' returned '0': PYTHONPATH=/home/anna/ros2_ws/build/nav_in_lab/prefix_override:/home/anna/ros2_ws/install/nav_in_lab/lib/python3.10/site-packages:${PYTHONPATH} /usr/bin/python3 setup.py develop --uninstall --editable --build-directory /home/anna/ros2_ws/build/nav_in_lab/build
[3.775s] DEBUG:colcon.colcon_core.event_handler.log_command:Invoking command in '/home/anna/ros2_ws/src/nav_in_lab': PYTHONPATH=/home/anna/ros2_ws/build/nav_in_lab/prefix_override:/home/anna/ros2_ws/install/nav_in_lab/lib/python3.10/site-packages:${PYTHONPATH} /usr/bin/python3 setup.py egg_info --egg-base ../../build/nav_in_lab build --build-base /home/anna/ros2_ws/build/nav_in_lab/build install --record /home/anna/ros2_ws/build/nav_in_lab/install.log --single-version-externally-managed
[3.776s] DEBUG:colcon.colcon_core.event_handler.log_command:Invoked command in '/home/anna/ros2_ws/build/my_robot_controller' returned '0': PYTHONPATH=/home/anna/ros2_ws/build/my_robot_controller/prefix_override:/home/anna/ros2_ws/install/my_robot_controller/lib/python3.10/site-packages:${PYTHONPATH} /usr/bin/python3 setup.py develop --uninstall --editable --build-directory /home/anna/ros2_ws/build/my_robot_controller/build
[3.777s] DEBUG:colcon.colcon_core.event_handler.log_command:Invoking command in '/home/anna/ros2_ws/src/my_robot_controller': PYTHONPATH=/home/anna/ros2_ws/build/my_robot_controller/prefix_override:/home/anna/ros2_ws/install/my_robot_controller/lib/python3.10/site-packages:${PYTHONPATH} /usr/bin/python3 setup.py egg_info --egg-base ../../build/my_robot_controller build --build-base /home/anna/ros2_ws/build/my_robot_controller/build install --record /home/anna/ros2_ws/build/my_robot_controller/install.log --single-version-externally-managed
[4.064s] DEBUG:colcon.colcon_core.event_handler.log_command:Invoked command in '/home/anna/ros2_ws/src/turtlebot4_space' returned '0': PYTHONPATH=/home/anna/ros2_ws/build/turtlebot4_space/prefix_override:/home/anna/ros2_ws/install/turtlebot4_space/lib/python3.10/site-packages:${PYTHONPATH} /usr/bin/python3 setup.py egg_info --egg-base ../../build/turtlebot4_space build --build-base /home/anna/ros2_ws/build/turtlebot4_space/build install --record /home/anna/ros2_ws/build/turtlebot4_space/install.log --single-version-externally-managed
[4.112s] Level 1:colcon.colcon_core.environment:checking '/home/anna/ros2_ws/install/turtlebot4_space' for CMake module files
[4.113s] Level 1:colcon.colcon_core.environment:checking '/home/anna/ros2_ws/install/turtlebot4_space' for CMake config files
[4.113s] Level 1:colcon.colcon_core.environment:checking '/home/anna/ros2_ws/install/turtlebot4_space/lib'
[4.113s] Level 1:colcon.colcon_core.environment:checking '/home/anna/ros2_ws/install/turtlebot4_space/bin'
[4.113s] Level 1:colcon.colcon_core.environment:checking '/home/anna/ros2_ws/install/turtlebot4_space/lib/pkgconfig/turtlebot4_space.pc'
[4.113s] Level 1:colcon.colcon_core.environment:checking '/home/anna/ros2_ws/install/turtlebot4_space/lib/python3.10/site-packages'
[4.113s] Level 1:colcon.colcon_core.shell:create_environment_hook('turtlebot4_space', 'pythonpath')
[4.126s] INFO:colcon.colcon_core.shell:Creating environment hook '/home/anna/ros2_ws/install/turtlebot4_space/share/turtlebot4_space/hook/pythonpath.ps1'
[4.127s] INFO:colcon.colcon_core.shell:Creating environment descriptor '/home/anna/ros2_ws/install/turtlebot4_space/share/turtlebot4_space/hook/pythonpath.dsv'
[4.127s] INFO:colcon.colcon_core.shell:Creating environment hook '/home/anna/ros2_ws/install/turtlebot4_space/share/turtlebot4_space/hook/pythonpath.sh'
[4.127s] Level 1:colcon.colcon_core.environment:checking '/home/anna/ros2_ws/install/turtlebot4_space/bin'
[4.127s] Level 1:colcon.colcon_core.environment:create_environment_scripts_only(turtlebot4_space)
[4.140s] INFO:colcon.colcon_core.shell:Creating package script '/home/anna/ros2_ws/install/turtlebot4_space/share/turtlebot4_space/package.ps1'
[4.141s] INFO:colcon.colcon_core.shell:Creating package descriptor '/home/anna/ros2_ws/install/turtlebot4_space/share/turtlebot4_space/package.dsv'
[4.141s] INFO:colcon.colcon_core.shell:Creating package script '/home/anna/ros2_ws/install/turtlebot4_space/share/turtlebot4_space/package.sh'
[4.141s] INFO:colcon.colcon_core.shell:Creating package script '/home/anna/ros2_ws/install/turtlebot4_space/share/turtlebot4_space/package.bash'
[4.141s] INFO:colcon.colcon_core.shell:Creating package script '/home/anna/ros2_ws/install/turtlebot4_space/share/turtlebot4_space/package.zsh'
[4.142s] Level 1:colcon.colcon_core.environment:create_file_with_runtime_dependencies(/home/anna/ros2_ws/install/turtlebot4_space/share/colcon-core/packages/turtlebot4_space)
[4.145s] DEBUG:colcon.colcon_core.event_handler.log_command:Invoked command in '/home/anna/ros2_ws/src/my_robot_controller' returned '0': PYTHONPATH=/home/anna/ros2_ws/build/my_robot_controller/prefix_override:/home/anna/ros2_ws/install/my_robot_controller/lib/python3.10/site-packages:${PYTHONPATH} /usr/bin/python3 setup.py egg_info --egg-base ../../build/my_robot_controller build --build-base /home/anna/ros2_ws/build/my_robot_controller/build install --record /home/anna/ros2_ws/build/my_robot_controller/install.log --single-version-externally-managed
[4.157s] Level 1:colcon.colcon_core.environment:checking '/home/anna/ros2_ws/install/my_robot_controller' for CMake module files
[4.158s] Level 1:colcon.colcon_core.environment:checking '/home/anna/ros2_ws/install/my_robot_controller' for CMake config files
[4.158s] Level 1:colcon.colcon_core.environment:checking '/home/anna/ros2_ws/install/my_robot_controller/lib'
[4.158s] Level 1:colcon.colcon_core.environment:checking '/home/anna/ros2_ws/install/my_robot_controller/bin'
[4.158s] Level 1:colcon.colcon_core.environment:checking '/home/anna/ros2_ws/install/my_robot_controller/lib/pkgconfig/my_robot_controller.pc'
[4.158s] Level 1:colcon.colcon_core.environment:checking '/home/anna/ros2_ws/install/my_robot_controller/lib/python3.10/site-packages'
[4.158s] Level 1:colcon.colcon_core.shell:create_environment_hook('my_robot_controller', 'pythonpath')
[4.171s] INFO:colcon.colcon_core.shell:Creating environment hook '/home/anna/ros2_ws/install/my_robot_controller/share/my_robot_controller/hook/pythonpath.ps1'
[4.172s] INFO:colcon.colcon_core.shell:Creating environment descriptor '/home/anna/ros2_ws/install/my_robot_controller/share/my_robot_controller/hook/pythonpath.dsv'
[4.172s] INFO:colcon.colcon_core.shell:Creating environment hook '/home/anna/ros2_ws/install/my_robot_controller/share/my_robot_controller/hook/pythonpath.sh'
[4.172s] Level 1:colcon.colcon_core.environment:checking '/home/anna/ros2_ws/install/my_robot_controller/bin'
[4.172s] Level 1:colcon.colcon_core.environment:create_environment_scripts_only(my_robot_controller)
[4.185s] INFO:colcon.colcon_core.shell:Creating package script '/home/anna/ros2_ws/install/my_robot_controller/share/my_robot_controller/package.ps1'
[4.186s] INFO:colcon.colcon_core.shell:Creating package descriptor '/home/anna/ros2_ws/install/my_robot_controller/share/my_robot_controller/package.dsv'
[4.186s] INFO:colcon.colcon_core.shell:Creating package script '/home/anna/ros2_ws/install/my_robot_controller/share/my_robot_controller/package.sh'
[4.186s] INFO:colcon.colcon_core.shell:Creating package script '/home/anna/ros2_ws/install/my_robot_controller/share/my_robot_controller/package.bash'
[4.186s] INFO:colcon.colcon_core.shell:Creating package script '/home/anna/ros2_ws/install/my_robot_controller/share/my_robot_controller/package.zsh'
[4.186s] Level 1:colcon.colcon_core.environment:create_file_with_runtime_dependencies(/home/anna/ros2_ws/install/my_robot_controller/share/colcon-core/packages/my_robot_controller)
[4.188s] DEBUG:colcon.colcon_core.event_handler.log_command:Invoked command in '/home/anna/ros2_ws/src/nav_in_lab' returned '0': PYTHONPATH=/home/anna/ros2_ws/build/nav_in_lab/prefix_override:/home/anna/ros2_ws/install/nav_in_lab/lib/python3.10/site-packages:${PYTHONPATH} /usr/bin/python3 setup.py egg_info --egg-base ../../build/nav_in_lab build --build-base /home/anna/ros2_ws/build/nav_in_lab/build install --record /home/anna/ros2_ws/build/nav_in_lab/install.log --single-version-externally-managed
[4.201s] Level 1:colcon.colcon_core.environment:checking '/home/anna/ros2_ws/install/nav_in_lab' for CMake module files
[4.201s] Level 1:colcon.colcon_core.environment:checking '/home/anna/ros2_ws/install/nav_in_lab' for CMake config files
[4.202s] Level 1:colcon.colcon_core.environment:checking '/home/anna/ros2_ws/install/nav_in_lab/lib'
[4.202s] Level 1:colcon.colcon_core.environment:checking '/home/anna/ros2_ws/install/nav_in_lab/bin'
[4.202s] Level 1:colcon.colcon_core.environment:checking '/home/anna/ros2_ws/install/nav_in_lab/lib/pkgconfig/nav_in_lab.pc'
[4.202s] Level 1:colcon.colcon_core.environment:checking '/home/anna/ros2_ws/install/nav_in_lab/lib/python3.10/site-packages'
[4.202s] Level 1:colcon.colcon_core.shell:create_environment_hook('nav_in_lab', 'pythonpath')
[4.215s] INFO:colcon.colcon_core.shell:Creating environment hook '/home/anna/ros2_ws/install/nav_in_lab/share/nav_in_lab/hook/pythonpath.ps1'
[4.215s] INFO:colcon.colcon_core.shell:Creating environment descriptor '/home/anna/ros2_ws/install/nav_in_lab/share/nav_in_lab/hook/pythonpath.dsv'
[4.216s] INFO:colcon.colcon_core.shell:Creating environment hook '/home/anna/ros2_ws/install/nav_in_lab/share/nav_in_lab/hook/pythonpath.sh'
[4.216s] Level 1:colcon.colcon_core.environment:checking '/home/anna/ros2_ws/install/nav_in_lab/bin'
[4.216s] Level 1:colcon.colcon_core.environment:create_environment_scripts_only(nav_in_lab)
[4.229s] INFO:colcon.colcon_core.shell:Creating package script '/home/anna/ros2_ws/install/nav_in_lab/share/nav_in_lab/package.ps1'
[4.230s] INFO:colcon.colcon_core.shell:Creating package descriptor '/home/anna/ros2_ws/install/nav_in_lab/share/nav_in_lab/package.dsv'
[4.230s] INFO:colcon.colcon_core.shell:Creating package script '/home/anna/ros2_ws/install/nav_in_lab/share/nav_in_lab/package.sh'
[4.230s] INFO:colcon.colcon_core.shell:Creating package script '/home/anna/ros2_ws/install/nav_in_lab/share/nav_in_lab/package.bash'
[4.231s] INFO:colcon.colcon_core.shell:Creating package script '/home/anna/ros2_ws/install/nav_in_lab/share/nav_in_lab/package.zsh'
[4.231s] Level 1:colcon.colcon_core.environment:create_file_with_runtime_dependencies(/home/anna/ros2_ws/install/nav_in_lab/share/colcon-core/packages/nav_in_lab)
[4.231s] DEBUG:colcon.colcon_parallel_executor.executor.parallel:closing loop
[4.232s] DEBUG:colcon.colcon_parallel_executor.executor.parallel:loop closed
[4.232s] DEBUG:colcon.colcon_parallel_executor.executor.parallel:run_until_complete finished with '0'
[4.232s] DEBUG:colcon.colcon_core.event_reactor:joining thread
[4.274s] INFO:colcon.colcon_core.plugin_system:Skipping extension 'colcon_notification.desktop_notification.terminal_notifier': Not used on non-Darwin systems
[4.274s] INFO:colcon.colcon_core.plugin_system:Skipping extension 'colcon_notification.desktop_notification.win32': Not used on non-Windows systems
[4.274s] INFO:colcon.colcon_notification.desktop_notification:Sending desktop notification using 'notify2'
[4.295s] DEBUG:colcon.colcon_core.event_reactor:joined thread
[4.312s] INFO:colcon.colcon_core.shell:Creating prefix script '/home/anna/ros2_ws/install/local_setup.ps1'
[4.313s] INFO:colcon.colcon_core.shell:Creating prefix util module '/home/anna/ros2_ws/install/_local_setup_util_ps1.py'
[4.315s] INFO:colcon.colcon_core.shell:Creating prefix chain script '/home/anna/ros2_ws/install/setup.ps1'
[4.331s] INFO:colcon.colcon_core.shell:Creating prefix script '/home/anna/ros2_ws/install/local_setup.sh'
[4.332s] INFO:colcon.colcon_core.shell:Creating prefix util module '/home/anna/ros2_ws/install/_local_setup_util_sh.py'
[4.332s] INFO:colcon.colcon_core.shell:Creating prefix chain script '/home/anna/ros2_ws/install/setup.sh'
[4.346s] INFO:colcon.colcon_core.shell:Creating prefix script '/home/anna/ros2_ws/install/local_setup.bash'
[4.346s] INFO:colcon.colcon_core.shell:Creating prefix chain script '/home/anna/ros2_ws/install/setup.bash'
[4.360s] INFO:colcon.colcon_core.shell:Creating prefix script '/home/anna/ros2_ws/install/local_setup.zsh'
[4.360s] INFO:colcon.colcon_core.shell:Creating prefix chain script '/home/anna/ros2_ws/install/setup.zsh'
