[1.585s] Invoking command in '/home/anna/ros2_ws/build/my_robot_controller': PYTHONPATH=/home/anna/ros2_ws/build/my_robot_controller/prefix_override:/home/anna/ros2_ws/install/my_robot_controller/lib/python3.10/site-packages:${PYTHONPATH} /usr/bin/python3 setup.py develop --uninstall --editable --build-directory /home/anna/ros2_ws/build/my_robot_controller/build
[1.824s] running develop
[1.973s] Removing /home/anna/ros2_ws/install/my_robot_controller/lib/python3.10/site-packages/my-robot-controller.egg-link (link to .)
[2.010s] Invoked command in '/home/anna/ros2_ws/build/my_robot_controller' returned '0': PYTHONPATH=/home/anna/ros2_ws/build/my_robot_controller/prefix_override:/home/anna/ros2_ws/install/my_robot_controller/lib/python3.10/site-packages:${PYTHONPATH} /usr/bin/python3 setup.py develop --uninstall --editable --build-directory /home/anna/ros2_ws/build/my_robot_controller/build
[2.013s] Invoking command in '/home/anna/ros2_ws/src/my_robot_controller': PYTHONPATH=/home/anna/ros2_ws/build/my_robot_controller/prefix_override:/home/anna/ros2_ws/install/my_robot_controller/lib/python3.10/site-packages:${PYTHONPATH} /usr/bin/python3 setup.py egg_info --egg-base ../../build/my_robot_controller build --build-base /home/anna/ros2_ws/build/my_robot_controller/build install --record /home/anna/ros2_ws/build/my_robot_controller/install.log --single-version-externally-managed
[2.215s] running egg_info
[2.216s] writing ../../build/my_robot_controller/my_robot_controller.egg-info/PKG-INFO
[2.216s] writing dependency_links to ../../build/my_robot_controller/my_robot_controller.egg-info/dependency_links.txt
[2.216s] writing entry points to ../../build/my_robot_controller/my_robot_controller.egg-info/entry_points.txt
[2.217s] writing requirements to ../../build/my_robot_controller/my_robot_controller.egg-info/requires.txt
[2.217s] writing top-level names to ../../build/my_robot_controller/my_robot_controller.egg-info/top_level.txt
[2.218s] reading manifest file '../../build/my_robot_controller/my_robot_controller.egg-info/SOURCES.txt'
[2.223s] writing manifest file '../../build/my_robot_controller/my_robot_controller.egg-info/SOURCES.txt'
[2.223s] running build
[2.223s] running build_py
[2.223s] running install
[2.223s] running install_lib
[2.224s] creating /home/anna/ros2_ws/install/my_robot_controller/lib/python3.10/site-packages/my_robot_controller
[2.224s] copying /home/anna/ros2_ws/build/my_robot_controller/build/lib/my_robot_controller/draw_circle.py -> /home/anna/ros2_ws/install/my_robot_controller/lib/python3.10/site-packages/my_robot_controller
[2.225s] copying /home/anna/ros2_ws/build/my_robot_controller/build/lib/my_robot_controller/__init__.py -> /home/anna/ros2_ws/install/my_robot_controller/lib/python3.10/site-packages/my_robot_controller
[2.225s] copying /home/anna/ros2_ws/build/my_robot_controller/build/lib/my_robot_controller/my_first_node.py -> /home/anna/ros2_ws/install/my_robot_controller/lib/python3.10/site-packages/my_robot_controller
[2.225s] byte-compiling /home/anna/ros2_ws/install/my_robot_controller/lib/python3.10/site-packages/my_robot_controller/draw_circle.py to draw_circle.cpython-310.pyc
[2.225s] byte-compiling /home/anna/ros2_ws/install/my_robot_controller/lib/python3.10/site-packages/my_robot_controller/__init__.py to __init__.cpython-310.pyc
[2.226s] byte-compiling /home/anna/ros2_ws/install/my_robot_controller/lib/python3.10/site-packages/my_robot_controller/my_first_node.py to my_first_node.cpython-310.pyc
[2.226s] running install_data
[2.226s] running install_egg_info
[2.228s] Copying ../../build/my_robot_controller/my_robot_controller.egg-info to /home/anna/ros2_ws/install/my_robot_controller/lib/python3.10/site-packages/my_robot_controller-0.0.0-py3.10.egg-info
[2.229s] running install_scripts
[2.244s] Installing draw_circle script to /home/anna/ros2_ws/install/my_robot_controller/lib/my_robot_controller
[2.245s] Installing test_node script to /home/anna/ros2_ws/install/my_robot_controller/lib/my_robot_controller
[2.245s] writing list of installed files to '/home/anna/ros2_ws/build/my_robot_controller/install.log'
[2.355s] Invoked command in '/home/anna/ros2_ws/src/my_robot_controller' returned '0': PYTHONPATH=/home/anna/ros2_ws/build/my_robot_controller/prefix_override:/home/anna/ros2_ws/install/my_robot_controller/lib/python3.10/site-packages:${PYTHONPATH} /usr/bin/python3 setup.py egg_info --egg-base ../../build/my_robot_controller build --build-base /home/anna/ros2_ws/build/my_robot_controller/build install --record /home/anna/ros2_ws/build/my_robot_controller/install.log --single-version-externally-managed
