[0.701s] Invoking command in '/home/anna/ros2_ws/src/my_robot_controller': PYTHONPATH=/home/anna/ros2_ws/build/my_robot_controller/prefix_override:/home/anna/ros2_ws/install/my_robot_controller/lib/python3.10/site-packages:${PYTHONPATH} /usr/bin/python3 setup.py egg_info --egg-base ../../build/my_robot_controller build --build-base /home/anna/ros2_ws/build/my_robot_controller/build install --record /home/anna/ros2_ws/build/my_robot_controller/install.log --single-version-externally-managed
[0.878s] running egg_info
[0.878s] creating ../../build/my_robot_controller/my_robot_controller.egg-info
[0.879s] writing ../../build/my_robot_controller/my_robot_controller.egg-info/PKG-INFO
[0.879s] writing dependency_links to ../../build/my_robot_controller/my_robot_controller.egg-info/dependency_links.txt
[0.879s] writing entry points to ../../build/my_robot_controller/my_robot_controller.egg-info/entry_points.txt
[0.879s] writing requirements to ../../build/my_robot_controller/my_robot_controller.egg-info/requires.txt
[0.880s] writing top-level names to ../../build/my_robot_controller/my_robot_controller.egg-info/top_level.txt
[0.880s] writing manifest file '../../build/my_robot_controller/my_robot_controller.egg-info/SOURCES.txt'
[0.881s] reading manifest file '../../build/my_robot_controller/my_robot_controller.egg-info/SOURCES.txt'
[0.881s] writing manifest file '../../build/my_robot_controller/my_robot_controller.egg-info/SOURCES.txt'
[0.881s] running build
[0.881s] running build_py
[0.881s] creating /home/anna/ros2_ws/build/my_robot_controller/build
[0.881s] creating /home/anna/ros2_ws/build/my_robot_controller/build/lib
[0.882s] creating /home/anna/ros2_ws/build/my_robot_controller/build/lib/my_robot_controller
[0.882s] copying my_robot_controller/__init__.py -> /home/anna/ros2_ws/build/my_robot_controller/build/lib/my_robot_controller
[0.882s] running install
[0.887s] /usr/lib/python3/dist-packages/setuptools/command/install.py:34: SetuptoolsDeprecationWarning: setup.py install is deprecated. Use build and pip and other standards-based tools.
[0.887s]   warnings.warn(
[0.887s] running install_lib
[0.888s] creating /home/anna/ros2_ws/install/my_robot_controller/lib/python3.10/site-packages/my_robot_controller
[0.889s] copying /home/anna/ros2_ws/build/my_robot_controller/build/lib/my_robot_controller/__init__.py -> /home/anna/ros2_ws/install/my_robot_controller/lib/python3.10/site-packages/my_robot_controller
[0.889s] byte-compiling /home/anna/ros2_ws/install/my_robot_controller/lib/python3.10/site-packages/my_robot_controller/__init__.py to __init__.cpython-310.pyc
[0.889s] running install_data
[0.890s] creating /home/anna/ros2_ws/install/my_robot_controller/share/ament_index
[0.890s] creating /home/anna/ros2_ws/install/my_robot_controller/share/ament_index/resource_index
[0.890s] creating /home/anna/ros2_ws/install/my_robot_controller/share/ament_index/resource_index/packages
[0.890s] copying resource/my_robot_controller -> /home/anna/ros2_ws/install/my_robot_controller/share/ament_index/resource_index/packages
[0.890s] copying package.xml -> /home/anna/ros2_ws/install/my_robot_controller/share/my_robot_controller
[0.890s] running install_egg_info
[0.892s] Copying ../../build/my_robot_controller/my_robot_controller.egg-info to /home/anna/ros2_ws/install/my_robot_controller/lib/python3.10/site-packages/my_robot_controller-0.0.0-py3.10.egg-info
[0.893s] running install_scripts
[0.909s] writing list of installed files to '/home/anna/ros2_ws/build/my_robot_controller/install.log'
[0.954s] Invoked command in '/home/anna/ros2_ws/src/my_robot_controller' returned '0': PYTHONPATH=/home/anna/ros2_ws/build/my_robot_controller/prefix_override:/home/anna/ros2_ws/install/my_robot_controller/lib/python3.10/site-packages:${PYTHONPATH} /usr/bin/python3 setup.py egg_info --egg-base ../../build/my_robot_controller build --build-base /home/anna/ros2_ws/build/my_robot_controller/build install --record /home/anna/ros2_ws/build/my_robot_controller/install.log --single-version-externally-managed
