running egg_info
creating ../../build/turtlebot4_space/turtlebot4_space.egg-info
writing ../../build/turtlebot4_space/turtlebot4_space.egg-info/PKG-INFO
writing dependency_links to ../../build/turtlebot4_space/turtlebot4_space.egg-info/dependency_links.txt
writing entry points to ../../build/turtlebot4_space/turtlebot4_space.egg-info/entry_points.txt
writing requirements to ../../build/turtlebot4_space/turtlebot4_space.egg-info/requires.txt
writing top-level names to ../../build/turtlebot4_space/turtlebot4_space.egg-info/top_level.txt
writing manifest file '../../build/turtlebot4_space/turtlebot4_space.egg-info/SOURCES.txt'
reading manifest file '../../build/turtlebot4_space/turtlebot4_space.egg-info/SOURCES.txt'
writing manifest file '../../build/turtlebot4_space/turtlebot4_space.egg-info/SOURCES.txt'
running build
running build_py
creating /home/anna/ros2_ws/build/turtlebot4_space/build
creating /home/anna/ros2_ws/build/turtlebot4_space/build/lib
creating /home/anna/ros2_ws/build/turtlebot4_space/build/lib/turtlebot4_space
copying turtlebot4_space/__init__.py -> /home/anna/ros2_ws/build/turtlebot4_space/build/lib/turtlebot4_space
running install
running install_lib
creating /home/anna/ros2_ws/install/turtlebot4_space/lib/python3.10/site-packages/turtlebot4_space
copying /home/anna/ros2_ws/build/turtlebot4_space/build/lib/turtlebot4_space/__init__.py -> /home/anna/ros2_ws/install/turtlebot4_space/lib/python3.10/site-packages/turtlebot4_space
byte-compiling /home/anna/ros2_ws/install/turtlebot4_space/lib/python3.10/site-packages/turtlebot4_space/__init__.py to __init__.cpython-310.pyc
running install_data
creating /home/anna/ros2_ws/install/turtlebot4_space/share/ament_index
creating /home/anna/ros2_ws/install/turtlebot4_space/share/ament_index/resource_index
creating /home/anna/ros2_ws/install/turtlebot4_space/share/ament_index/resource_index/packages
copying resource/turtlebot4_space -> /home/anna/ros2_ws/install/turtlebot4_space/share/ament_index/resource_index/packages
copying package.xml -> /home/anna/ros2_ws/install/turtlebot4_space/share/turtlebot4_space
running install_egg_info
Copying ../../build/turtlebot4_space/turtlebot4_space.egg-info to /home/anna/ros2_ws/install/turtlebot4_space/lib/python3.10/site-packages/turtlebot4_space-0.0.0-py3.10.egg-info
running install_scripts
writing list of installed files to '/home/anna/ros2_ws/build/turtlebot4_space/install.log'
