[1.517s] Invoking command in '/home/anna/ros2_ws/src/nav_in_lab': PYTHONPATH=/home/anna/ros2_ws/build/nav_in_lab/prefix_override:/home/anna/ros2_ws/install/nav_in_lab/lib/python3.10/site-packages:${PYTHONPATH} /usr/bin/python3 setup.py egg_info --egg-base ../../build/nav_in_lab build --build-base /home/anna/ros2_ws/build/nav_in_lab/build install --record /home/anna/ros2_ws/build/nav_in_lab/install.log --single-version-externally-managed
[1.734s] running egg_info
[1.735s] creating ../../build/nav_in_lab/nav_in_lab.egg-info
[1.735s] writing ../../build/nav_in_lab/nav_in_lab.egg-info/PKG-INFO
[1.735s] writing dependency_links to ../../build/nav_in_lab/nav_in_lab.egg-info/dependency_links.txt
[1.735s] writing entry points to ../../build/nav_in_lab/nav_in_lab.egg-info/entry_points.txt
[1.735s] writing requirements to ../../build/nav_in_lab/nav_in_lab.egg-info/requires.txt
[1.735s] writing top-level names to ../../build/nav_in_lab/nav_in_lab.egg-info/top_level.txt
[1.736s] writing manifest file '../../build/nav_in_lab/nav_in_lab.egg-info/SOURCES.txt'
[1.737s] reading manifest file '../../build/nav_in_lab/nav_in_lab.egg-info/SOURCES.txt'
[1.737s] writing manifest file '../../build/nav_in_lab/nav_in_lab.egg-info/SOURCES.txt'
[1.738s] running build
[1.738s] running build_py
[1.738s] creating /home/anna/ros2_ws/build/nav_in_lab/build
[1.738s] creating /home/anna/ros2_ws/build/nav_in_lab/build/lib
[1.738s] creating /home/anna/ros2_ws/build/nav_in_lab/build/lib/nav_in_lab
[1.738s] copying nav_in_lab/__init__.py -> /home/anna/ros2_ws/build/nav_in_lab/build/lib/nav_in_lab
[1.738s] running install
[1.738s] running install_lib
[1.739s] creating /home/anna/ros2_ws/install/nav_in_lab/lib/python3.10/site-packages/nav_in_lab
[1.739s] copying /home/anna/ros2_ws/build/nav_in_lab/build/lib/nav_in_lab/__init__.py -> /home/anna/ros2_ws/install/nav_in_lab/lib/python3.10/site-packages/nav_in_lab
[1.740s] byte-compiling /home/anna/ros2_ws/install/nav_in_lab/lib/python3.10/site-packages/nav_in_lab/__init__.py to __init__.cpython-310.pyc
[1.740s] running install_data
[1.740s] creating /home/anna/ros2_ws/install/nav_in_lab/share/ament_index
[1.740s] creating /home/anna/ros2_ws/install/nav_in_lab/share/ament_index/resource_index
[1.740s] creating /home/anna/ros2_ws/install/nav_in_lab/share/ament_index/resource_index/packages
[1.741s] copying resource/nav_in_lab -> /home/anna/ros2_ws/install/nav_in_lab/share/ament_index/resource_index/packages
[1.741s] copying package.xml -> /home/anna/ros2_ws/install/nav_in_lab/share/nav_in_lab
[1.741s] running install_egg_info
[1.742s] Copying ../../build/nav_in_lab/nav_in_lab.egg-info to /home/anna/ros2_ws/install/nav_in_lab/lib/python3.10/site-packages/nav_in_lab-0.0.0-py3.10.egg-info
[1.743s] running install_scripts
[1.760s] writing list of installed files to '/home/anna/ros2_ws/build/nav_in_lab/install.log'
[1.792s] Invoked command in '/home/anna/ros2_ws/src/nav_in_lab' returned '0': PYTHONPATH=/home/anna/ros2_ws/build/nav_in_lab/prefix_override:/home/anna/ros2_ws/install/nav_in_lab/lib/python3.10/site-packages:${PYTHONPATH} /usr/bin/python3 setup.py egg_info --egg-base ../../build/nav_in_lab build --build-base /home/anna/ros2_ws/build/nav_in_lab/build install --record /home/anna/ros2_ws/build/nav_in_lab/install.log --single-version-externally-managed
